#
# There is insufficient memory for the Java Runtime Environment to continue.
# Native memory allocation (malloc) failed to allocate 65552 bytes for Chunk::new
# Possible reasons:
#   The system is out of physical RAM or swap space
#   The process is running with CompressedOops enabled, and the Java Heap may be blocking the growth of the native heap
# Possible solutions:
#   Reduce memory load on the system
#   Increase physical memory or swap space
#   Check if swap backing store is full
#   Decrease Java heap size (-Xmx/-Xms)
#   Decrease number of Java threads
#   Decrease Java thread stack sizes (-Xss)
#   Set larger code cache with -XX:ReservedCodeCacheSize=
#   JVM is running with Unscaled Compressed Oops mode in which the Java heap is
#     placed in the first 4GB address space. The Java Heap base address is the
#     maximum limit for the native heap growth. Please use -XX:HeapBaseMinAddress
#     to set the Java Heap base and to place the Java Heap above 4GB virtual address.
# This output file may be truncated or incomplete.
#
#  Out of Memory Error (./src/hotspot/share/memory/arena.cpp:197), pid=75316, tid=50304
#
# JRE version: OpenJDK Runtime Environment AdoptOpenJDK-11.0.11+9 (11.0.11+9) (build 11.0.11+9)
# Java VM: OpenJDK 64-Bit Server VM AdoptOpenJDK-11.0.11+9 (11.0.11+9, mixed mode, tiered, compressed oops, g1 gc, windows-amd64)
# No core dump will be written. Minidumps are not enabled by default on client versions of Windows
#

---------------  S U M M A R Y ------------

Command Line: -javaagent:C:\Program Files\JetBrains\IntelliJ IDEA Community Edition 2021.2\lib\idea_rt.jar=59672:C:\Program Files\JetBrains\IntelliJ IDEA Community Edition 2021.2\bin -Dfile.encoding=UTF-8 com.project.CreditCardServiceApplication

Host: AMD Ryzen 7 4800H with Radeon Graphics         , 16 cores, 7G,  Windows 10 , 64 bit Build 22000 (10.0.22000.708)
Time: Fri Oct 14 16:22:47 2022 India Standard Time elapsed time: 48.078192 seconds (0d 0h 0m 48s)

---------------  T H R E A D  ---------------

Current thread (0x0000027b57e6f800):  JavaThread "C2 CompilerThread0" daemon [_thread_in_native, id=50304, stack(0x000000f2d2200000,0x000000f2d2300000)]


Current CompileTask:
C2:  48078 6506       4       sun.reflect.generics.parser.SignatureParser::parseClassTypeSignature (118 bytes)

Stack: [0x000000f2d2200000,0x000000f2d2300000]
Native frames: (J=compiled Java code, j=interpreted, Vv=VM code, C=native code)
V  [jvm.dll+0x5f7e5a]
V  [jvm.dll+0x77ff2e]
V  [jvm.dll+0x7815ff]
V  [jvm.dll+0x781cc3]
V  [jvm.dll+0x247408]
V  [jvm.dll+0xbe69c]
V  [jvm.dll+0xbe80d]
V  [jvm.dll+0x5d5e5f]
V  [jvm.dll+0x6cdba5]
V  [jvm.dll+0x500222]
V  [jvm.dll+0x503496]
V  [jvm.dll+0x502cb0]
V  [jvm.dll+0x502cf4]
V  [jvm.dll+0x502cf4]
V  [jvm.dll+0x509d45]
V  [jvm.dll+0x202953]
V  [jvm.dll+0x1ffe4f]
V  [jvm.dll+0x184f1c]
V  [jvm.dll+0x20f3e7]
V  [jvm.dll+0x20d5cb]
V  [jvm.dll+0x7442f9]
V  [jvm.dll+0x73d364]
V  [jvm.dll+0x5f6cd6]
C  [ucrtbase.dll+0x26c0c]
C  [KERNEL32.DLL+0x154e0]
C  [ntdll.dll+0x485b]


---------------  P R O C E S S  ---------------

Threads class SMR info:
_java_thread_list=0x0000027b582daeb0, length=36, elements={
0x0000027b57e0b800, 0x0000027b57e14800, 0x0000027b57e69800, 0x0000027b57e6a800,
0x0000027b57e6b800, 0x0000027b57e6f800, 0x0000027b57e8b000, 0x0000027b57ea6000,
0x0000027b57fcf800, 0x0000027b5819f000, 0x0000027b58396800, 0x0000027b58394000,
0x0000027b58397800, 0x0000027b58398800, 0x0000027b58395000, 0x0000027b5839a800,
0x0000027b5839a000, 0x0000027b58399000, 0x0000027b58396000, 0x0000027b5c3ed000,
0x0000027b5c3ef800, 0x0000027b5c3f0800, 0x0000027b5c3f1800, 0x0000027b5c3ee000,
0x0000027b5c3ef000, 0x0000027b5c3f2000, 0x0000027b5c3f3800, 0x0000027b5c3f3000,
0x0000027b58f4a000, 0x0000027b58f47000, 0x0000027b58f48000, 0x0000027b58f44800,
0x0000027b58f46000, 0x0000027b58f48800, 0x0000027b58f49800, 0x0000027b58f4b000
}

Java Threads: ( => current thread )
  0x0000027b57e0b800 JavaThread "Reference Handler" daemon [_thread_blocked, id=84412, stack(0x000000f2d1d00000,0x000000f2d1e00000)]
  0x0000027b57e14800 JavaThread "Finalizer" daemon [_thread_blocked, id=42208, stack(0x000000f2d1e00000,0x000000f2d1f00000)]
  0x0000027b57e69800 JavaThread "Signal Dispatcher" daemon [_thread_blocked, id=33728, stack(0x000000f2d1f00000,0x000000f2d2000000)]
  0x0000027b57e6a800 JavaThread "Attach Listener" daemon [_thread_blocked, id=34152, stack(0x000000f2d2000000,0x000000f2d2100000)]
  0x0000027b57e6b800 JavaThread "Service Thread" daemon [_thread_blocked, id=82288, stack(0x000000f2d2100000,0x000000f2d2200000)]
=>0x0000027b57e6f800 JavaThread "C2 CompilerThread0" daemon [_thread_in_native, id=50304, stack(0x000000f2d2200000,0x000000f2d2300000)]
  0x0000027b57e8b000 JavaThread "C1 CompilerThread0" daemon [_thread_blocked, id=55260, stack(0x000000f2d2300000,0x000000f2d2400000)]
  0x0000027b57ea6000 JavaThread "Sweeper thread" daemon [_thread_blocked, id=30280, stack(0x000000f2d2400000,0x000000f2d2500000)]
  0x0000027b57fcf800 JavaThread "Common-Cleaner" daemon [_thread_blocked, id=68136, stack(0x000000f2d2500000,0x000000f2d2600000)]
  0x0000027b5819f000 JavaThread "Monitor Ctrl-Break" daemon [_thread_in_native, id=94636, stack(0x000000f2d2700000,0x000000f2d2800000)]
  0x0000027b58396800 JavaThread "Catalina-utility-1" [_thread_blocked, id=80956, stack(0x000000f2d2a00000,0x000000f2d2b00000)]
  0x0000027b58394000 JavaThread "Catalina-utility-2" [_thread_blocked, id=48564, stack(0x000000f2d2f00000,0x000000f2d3000000)]
  0x0000027b58397800 JavaThread "container-0" [_thread_blocked, id=27284, stack(0x000000f2d3000000,0x000000f2d3100000)]
  0x0000027b58398800 JavaThread "mysql-cj-abandoned-connection-cleanup" daemon [_thread_blocked, id=88760, stack(0x000000f2d3100000,0x000000f2d3200000)]
  0x0000027b58395000 JavaThread "HikariPool-1 housekeeper" daemon [_thread_blocked, id=66416, stack(0x000000f2d3700000,0x000000f2d3800000)]
  0x0000027b5839a800 JavaThread "spring.cloud.inetutils" daemon [_thread_blocked, id=39012, stack(0x000000f2d3900000,0x000000f2d3a00000)]
  0x0000027b5839a000 JavaThread "AsyncResolver-bootstrap-0" daemon [_thread_blocked, id=50296, stack(0x000000f2d2600000,0x000000f2d2700000)]
  0x0000027b58399000 JavaThread "DiscoveryClient-0" daemon [_thread_blocked, id=3780, stack(0x000000f2d3800000,0x000000f2d3900000)]
  0x0000027b58396000 JavaThread "DiscoveryClient-1" daemon [_thread_blocked, id=57644, stack(0x000000f2d3a00000,0x000000f2d3b00000)]
  0x0000027b5c3ed000 JavaThread "DiscoveryClient-InstanceInfoReplicator-0" daemon [_thread_blocked, id=31004, stack(0x000000f2d3b00000,0x000000f2d3c00000)]
  0x0000027b5c3ef800 JavaThread "http-nio-8084-exec-1" daemon [_thread_blocked, id=38520, stack(0x000000f2d3c00000,0x000000f2d3d00000)]
  0x0000027b5c3f0800 JavaThread "http-nio-8084-exec-2" daemon [_thread_blocked, id=18396, stack(0x000000f2d3d00000,0x000000f2d3e00000)]
  0x0000027b5c3f1800 JavaThread "http-nio-8084-exec-3" daemon [_thread_blocked, id=3936, stack(0x000000f2d3e00000,0x000000f2d3f00000)]
  0x0000027b5c3ee000 JavaThread "http-nio-8084-exec-4" daemon [_thread_blocked, id=52600, stack(0x000000f2d3f00000,0x000000f2d4000000)]
  0x0000027b5c3ef000 JavaThread "http-nio-8084-exec-5" daemon [_thread_blocked, id=66184, stack(0x000000f2d4000000,0x000000f2d4100000)]
  0x0000027b5c3f2000 JavaThread "http-nio-8084-exec-6" daemon [_thread_blocked, id=28088, stack(0x000000f2d4100000,0x000000f2d4200000)]
  0x0000027b5c3f3800 JavaThread "http-nio-8084-exec-7" daemon [_thread_blocked, id=18544, stack(0x000000f2d4200000,0x000000f2d4300000)]
  0x0000027b5c3f3000 JavaThread "http-nio-8084-exec-8" daemon [_thread_blocked, id=9280, stack(0x000000f2d4300000,0x000000f2d4400000)]
  0x0000027b58f4a000 JavaThread "http-nio-8084-exec-9" daemon [_thread_blocked, id=70592, stack(0x000000f2d4400000,0x000000f2d4500000)]
  0x0000027b58f47000 JavaThread "http-nio-8084-exec-10" daemon [_thread_blocked, id=28728, stack(0x000000f2d4500000,0x000000f2d4600000)]
  0x0000027b58f48000 JavaThread "http-nio-8084-Poller" daemon [_thread_in_native, id=60232, stack(0x000000f2d4600000,0x000000f2d4700000)]
  0x0000027b58f44800 JavaThread "http-nio-8084-Acceptor" daemon [_thread_in_native, id=69680, stack(0x000000f2d4700000,0x000000f2d4800000)]
  0x0000027b58f46000 JavaThread "DestroyJavaVM" [_thread_blocked, id=99908, stack(0x000000f2d1700000,0x000000f2d1800000)]
  0x0000027b58f48800 JavaThread "DiscoveryClient-HeartbeatExecutor-0" daemon [_thread_blocked, id=46780, stack(0x000000f2d4a00000,0x000000f2d4b00000)]
  0x0000027b58f49800 JavaThread "DiscoveryClient-CacheRefreshExecutor-0" daemon [_thread_blocked, id=57976, stack(0x000000f2d4b00000,0x000000f2d4c00000)]
  0x0000027b58f4b000 JavaThread "C1 CompilerThread1" daemon [_thread_blocked, id=81260, stack(0x000000f2d4c00000,0x000000f2d4d00000)]

Other Threads:
  0x0000027b57de4000 VMThread "VM Thread" [stack: 0x000000f2d1c00000,0x000000f2d1d00000] [id=22600]
  0x0000027b5819f800 WatcherThread [stack: 0x000000f2d2800000,0x000000f2d2900000] [id=90284]
  0x0000027b380d3800 GCTaskThread "GC Thread#0" [stack: 0x000000f2d1600000,0x000000f2d1700000] [id=94444]
  0x0000027b58f32800 GCTaskThread "GC Thread#1" [stack: 0x000000f2d2900000,0x000000f2d2a00000] [id=25416]
  0x0000027b58f30000 GCTaskThread "GC Thread#2" [stack: 0x000000f2d2b00000,0x000000f2d2c00000] [id=60716]
  0x0000027b58f31000 GCTaskThread "GC Thread#3" [stack: 0x000000f2d2c00000,0x000000f2d2d00000] [id=51188]
  0x0000027b58f2e000 GCTaskThread "GC Thread#4" [stack: 0x000000f2d3200000,0x000000f2d3300000] [id=32084]
  0x0000027b58f2f800 GCTaskThread "GC Thread#5" [stack: 0x000000f2d3300000,0x000000f2d3400000] [id=66508]
  0x0000027b58f31800 GCTaskThread "GC Thread#6" [stack: 0x000000f2d3400000,0x000000f2d3500000] [id=32136]
  0x0000027b58f33000 GCTaskThread "GC Thread#7" [stack: 0x000000f2d3500000,0x000000f2d3600000] [id=83588]
  0x0000027b38103000 ConcurrentGCThread "G1 Main Marker" [stack: 0x000000f2d1800000,0x000000f2d1900000] [id=44652]
  0x0000027b38106000 ConcurrentGCThread "G1 Conc#0" [stack: 0x000000f2d1900000,0x000000f2d1a00000] [id=80464]
  0x0000027b58f2d000 ConcurrentGCThread "G1 Conc#1" [stack: 0x000000f2d2d00000,0x000000f2d2e00000] [id=83312]
  0x0000027b58f2e800 ConcurrentGCThread "G1 Conc#2" [stack: 0x000000f2d2e00000,0x000000f2d2f00000] [id=72080]
  0x0000027b56899800 ConcurrentGCThread "G1 Refine#0" [stack: 0x000000f2d1a00000,0x000000f2d1b00000] [id=16488]
  0x0000027b5689c000 ConcurrentGCThread "G1 Young RemSet Sampling" [stack: 0x000000f2d1b00000,0x000000f2d1c00000] [id=50140]

Threads with active compile tasks:
C2 CompilerThread0  48129 6506       4       sun.reflect.generics.parser.SignatureParser::parseClassTypeSignature (118 bytes)

VM state:not at safepoint (normal execution)

VM Mutex/Monitor currently owned by a thread: None

Heap address: 0x000000008a000000, size: 1888 MB, Compressed Oops mode: 32-bit
Narrow klass base: 0x0000000000000000, Narrow klass shift: 3
Compressed class space size: 1073741824 Address: 0x0000000100000000

Heap:
 garbage-first heap   total 145408K, used 99151K [0x000000008a000000, 0x0000000100000000)
  region size 1024K, 80 young (81920K), 9 survivors (9216K)
 Metaspace       used 75430K, capacity 77410K, committed 77696K, reserved 1116160K
  class space    used 9705K, capacity 10498K, committed 10624K, reserved 1048576K
Heap Regions: E=young(eden), S=young(survivor), O=old, HS=humongous(starts), HC=humongous(continues), CS=collection set, F=free, A=archive, TAMS=top-at-mark-start (previous, next)
|   0|0x000000008a000000, 0x000000008a100000, 0x000000008a100000|100%|HS|  |TAMS 0x000000008a100000, 0x000000008a000000| Complete 
|   1|0x000000008a100000, 0x000000008a200000, 0x000000008a200000|100%| O|  |TAMS 0x000000008a200000, 0x000000008a100000| Untracked 
|   2|0x000000008a200000, 0x000000008a300000, 0x000000008a300000|100%| O|  |TAMS 0x000000008a300000, 0x000000008a200000| Untracked 
|   3|0x000000008a300000, 0x000000008a400000, 0x000000008a400000|100%| O|  |TAMS 0x000000008a400000, 0x000000008a300000| Untracked 
|   4|0x000000008a400000, 0x000000008a500000, 0x000000008a500000|100%| O|  |TAMS 0x000000008a500000, 0x000000008a400000| Untracked 
|   5|0x000000008a500000, 0x000000008a600000, 0x000000008a600000|100%| O|  |TAMS 0x000000008a600000, 0x000000008a500000| Untracked 
|   6|0x000000008a600000, 0x000000008a700000, 0x000000008a700000|100%| O|  |TAMS 0x000000008a700000, 0x000000008a600000| Untracked 
|   7|0x000000008a700000, 0x000000008a800000, 0x000000008a800000|100%| O|  |TAMS 0x000000008a800000, 0x000000008a700000| Untracked 
|   8|0x000000008a800000, 0x000000008a900000, 0x000000008a900000|100%| O|  |TAMS 0x000000008a900000, 0x000000008a800000| Untracked 
|   9|0x000000008a900000, 0x000000008aa00000, 0x000000008aa00000|100%| O|  |TAMS 0x000000008aa00000, 0x000000008a900000| Untracked 
|  10|0x000000008aa00000, 0x000000008ab00000, 0x000000008ab00000|100%| O|  |TAMS 0x000000008aa00000, 0x000000008aa00000| Untracked 
|  11|0x000000008ab00000, 0x000000008ac00000, 0x000000008ac00000|100%| O|  |TAMS 0x000000008ac00000, 0x000000008ab00000| Untracked 
|  12|0x000000008ac00000, 0x000000008ad00000, 0x000000008ad00000|100%| O|  |TAMS 0x000000008ad00000, 0x000000008ac00000| Untracked 
|  13|0x000000008ad00000, 0x000000008ae00000, 0x000000008ae00000|100%| O|  |TAMS 0x000000008ad00000, 0x000000008ad00000| Untracked 
|  14|0x000000008ae00000, 0x000000008af00000, 0x000000008af00000|100%| O|  |TAMS 0x000000008af00000, 0x000000008ae00000| Untracked 
|  15|0x000000008af00000, 0x000000008b000000, 0x000000008b000000|100%| O|  |TAMS 0x000000008afe6000, 0x000000008af00000| Untracked 
|  16|0x000000008b000000, 0x000000008b100000, 0x000000008b100000|100%| O|  |TAMS 0x000000008b000000, 0x000000008b000000| Untracked 
|  17|0x000000008b100000, 0x000000008b200000, 0x000000008b200000|100%| O|  |TAMS 0x000000008b100000, 0x000000008b100000| Untracked 
|  18|0x000000008b200000, 0x000000008b297a00, 0x000000008b300000| 59%| O|  |TAMS 0x000000008b200000, 0x000000008b200000| Untracked 
|  19|0x000000008b300000, 0x000000008b300000, 0x000000008b400000|  0%| F|  |TAMS 0x000000008b300000, 0x000000008b300000| Untracked 
|  20|0x000000008b400000, 0x000000008b400000, 0x000000008b500000|  0%| F|  |TAMS 0x000000008b400000, 0x000000008b400000| Untracked 
|  21|0x000000008b500000, 0x000000008b500000, 0x000000008b600000|  0%| F|  |TAMS 0x000000008b500000, 0x000000008b500000| Untracked 
|  22|0x000000008b600000, 0x000000008b600000, 0x000000008b700000|  0%| F|  |TAMS 0x000000008b600000, 0x000000008b600000| Untracked 
|  23|0x000000008b700000, 0x000000008b700000, 0x000000008b800000|  0%| F|  |TAMS 0x000000008b700000, 0x000000008b700000| Untracked 
|  24|0x000000008b800000, 0x000000008b800000, 0x000000008b900000|  0%| F|  |TAMS 0x000000008b800000, 0x000000008b800000| Untracked 
|  25|0x000000008b900000, 0x000000008b900000, 0x000000008ba00000|  0%| F|  |TAMS 0x000000008b900000, 0x000000008b900000| Untracked 
|  26|0x000000008ba00000, 0x000000008ba00000, 0x000000008bb00000|  0%| F|  |TAMS 0x000000008ba00000, 0x000000008ba00000| Untracked 
|  27|0x000000008bb00000, 0x000000008bb00000, 0x000000008bc00000|  0%| F|  |TAMS 0x000000008bb00000, 0x000000008bb00000| Untracked 
|  28|0x000000008bc00000, 0x000000008bc00000, 0x000000008bd00000|  0%| F|  |TAMS 0x000000008bc00000, 0x000000008bc00000| Untracked 
|  29|0x000000008bd00000, 0x000000008bd00000, 0x000000008be00000|  0%| F|  |TAMS 0x000000008bd00000, 0x000000008bd00000| Untracked 
|  30|0x000000008be00000, 0x000000008be00000, 0x000000008bf00000|  0%| F|  |TAMS 0x000000008be00000, 0x000000008be00000| Untracked 
|  31|0x000000008bf00000, 0x000000008bf00000, 0x000000008c000000|  0%| F|  |TAMS 0x000000008bf00000, 0x000000008bf00000| Untracked 
|  32|0x000000008c000000, 0x000000008c000000, 0x000000008c100000|  0%| F|  |TAMS 0x000000008c000000, 0x000000008c000000| Untracked 
|  33|0x000000008c100000, 0x000000008c100000, 0x000000008c200000|  0%| F|  |TAMS 0x000000008c100000, 0x000000008c100000| Untracked 
|  34|0x000000008c200000, 0x000000008c200000, 0x000000008c300000|  0%| F|  |TAMS 0x000000008c200000, 0x000000008c200000| Untracked 
|  35|0x000000008c300000, 0x000000008c300000, 0x000000008c400000|  0%| F|  |TAMS 0x000000008c300000, 0x000000008c300000| Untracked 
|  36|0x000000008c400000, 0x000000008c400000, 0x000000008c500000|  0%| F|  |TAMS 0x000000008c400000, 0x000000008c400000| Untracked 
|  37|0x000000008c500000, 0x000000008c500000, 0x000000008c600000|  0%| F|  |TAMS 0x000000008c500000, 0x000000008c500000| Untracked 
|  38|0x000000008c600000, 0x000000008c600000, 0x000000008c700000|  0%| F|  |TAMS 0x000000008c600000, 0x000000008c600000| Untracked 
|  39|0x000000008c700000, 0x000000008c700000, 0x000000008c800000|  0%| F|  |TAMS 0x000000008c700000, 0x000000008c700000| Untracked 
|  40|0x000000008c800000, 0x000000008c800000, 0x000000008c900000|  0%| F|  |TAMS 0x000000008c800000, 0x000000008c800000| Untracked 
|  41|0x000000008c900000, 0x000000008c900000, 0x000000008ca00000|  0%| F|  |TAMS 0x000000008c900000, 0x000000008c900000| Untracked 
|  42|0x000000008ca00000, 0x000000008ca00000, 0x000000008cb00000|  0%| F|  |TAMS 0x000000008ca00000, 0x000000008ca00000| Untracked 
|  43|0x000000008cb00000, 0x000000008cb00000, 0x000000008cc00000|  0%| F|  |TAMS 0x000000008cb00000, 0x000000008cb00000| Untracked 
|  44|0x000000008cc00000, 0x000000008cc00000, 0x000000008cd00000|  0%| F|  |TAMS 0x000000008cc00000, 0x000000008cc00000| Untracked 
|  45|0x000000008cd00000, 0x000000008cd00000, 0x000000008ce00000|  0%| F|  |TAMS 0x000000008cd00000, 0x000000008cd00000| Untracked 
|  46|0x000000008ce00000, 0x000000008ce00000, 0x000000008cf00000|  0%| F|  |TAMS 0x000000008ce00000, 0x000000008ce00000| Untracked 
|  47|0x000000008cf00000, 0x000000008cf00000, 0x000000008d000000|  0%| F|  |TAMS 0x000000008cf00000, 0x000000008cf00000| Untracked 
|  48|0x000000008d000000, 0x000000008d03c598, 0x000000008d100000| 23%| S|CS|TAMS 0x000000008d000000, 0x000000008d000000| Complete 
|  49|0x000000008d100000, 0x000000008d200000, 0x000000008d200000|100%| S|CS|TAMS 0x000000008d100000, 0x000000008d100000| Complete 
|  50|0x000000008d200000, 0x000000008d300000, 0x000000008d300000|100%| S|CS|TAMS 0x000000008d200000, 0x000000008d200000| Complete 
|  51|0x000000008d300000, 0x000000008d400000, 0x000000008d400000|100%| S|CS|TAMS 0x000000008d300000, 0x000000008d300000| Complete 
|  52|0x000000008d400000, 0x000000008d500000, 0x000000008d500000|100%| S|CS|TAMS 0x000000008d400000, 0x000000008d400000| Complete 
|  53|0x000000008d500000, 0x000000008d600000, 0x000000008d600000|100%| S|CS|TAMS 0x000000008d500000, 0x000000008d500000| Complete 
|  54|0x000000008d600000, 0x000000008d700000, 0x000000008d700000|100%| S|CS|TAMS 0x000000008d600000, 0x000000008d600000| Complete 
|  55|0x000000008d700000, 0x000000008d800000, 0x000000008d800000|100%| S|CS|TAMS 0x000000008d700000, 0x000000008d700000| Complete 
|  56|0x000000008d800000, 0x000000008d900000, 0x000000008d900000|100%| S|CS|TAMS 0x000000008d800000, 0x000000008d800000| Complete 
|  57|0x000000008d900000, 0x000000008d900000, 0x000000008da00000|  0%| F|  |TAMS 0x000000008d900000, 0x000000008d900000| Untracked 
|  58|0x000000008da00000, 0x000000008da00000, 0x000000008db00000|  0%| F|  |TAMS 0x000000008da00000, 0x000000008da00000| Untracked 
|  59|0x000000008db00000, 0x000000008db00000, 0x000000008dc00000|  0%| F|  |TAMS 0x000000008db00000, 0x000000008db00000| Untracked 
|  60|0x000000008dc00000, 0x000000008dc00000, 0x000000008dd00000|  0%| F|  |TAMS 0x000000008dc00000, 0x000000008dc00000| Untracked 
|  61|0x000000008dd00000, 0x000000008dd00000, 0x000000008de00000|  0%| F|  |TAMS 0x000000008dd00000, 0x000000008dd00000| Untracked 
|  62|0x000000008de00000, 0x000000008de00000, 0x000000008df00000|  0%| F|  |TAMS 0x000000008de00000, 0x000000008de00000| Untracked 
|  63|0x000000008df00000, 0x000000008df00000, 0x000000008e000000|  0%| F|  |TAMS 0x000000008df00000, 0x000000008df00000| Untracked 
|  64|0x000000008e000000, 0x000000008e000000, 0x000000008e100000|  0%| F|  |TAMS 0x000000008e000000, 0x000000008e000000| Untracked 
|  65|0x000000008e100000, 0x000000008e100000, 0x000000008e200000|  0%| F|  |TAMS 0x000000008e100000, 0x000000008e100000| Untracked 
|  66|0x000000008e200000, 0x000000008e200000, 0x000000008e300000|  0%| F|  |TAMS 0x000000008e200000, 0x000000008e200000| Untracked 
|  67|0x000000008e300000, 0x000000008e300000, 0x000000008e400000|  0%| F|  |TAMS 0x000000008e300000, 0x000000008e300000| Untracked 
|  68|0x000000008e400000, 0x000000008e400000, 0x000000008e500000|  0%| F|  |TAMS 0x000000008e400000, 0x000000008e400000| Untracked 
|  69|0x000000008e500000, 0x000000008e500000, 0x000000008e600000|  0%| F|  |TAMS 0x000000008e500000, 0x000000008e500000| Untracked 
|  70|0x000000008e600000, 0x000000008e600000, 0x000000008e700000|  0%| F|  |TAMS 0x000000008e600000, 0x000000008e600000| Untracked 
|  71|0x000000008e700000, 0x000000008e79c478, 0x000000008e800000| 61%| E|  |TAMS 0x000000008e700000, 0x000000008e700000| Complete 
|  72|0x000000008e800000, 0x000000008e900000, 0x000000008e900000|100%| E|CS|TAMS 0x000000008e800000, 0x000000008e800000| Complete 
|  73|0x000000008e900000, 0x000000008ea00000, 0x000000008ea00000|100%| E|CS|TAMS 0x000000008e900000, 0x000000008e900000| Complete 
|  74|0x000000008ea00000, 0x000000008eb00000, 0x000000008eb00000|100%| E|CS|TAMS 0x000000008ea00000, 0x000000008ea00000| Complete 
|  75|0x000000008eb00000, 0x000000008ec00000, 0x000000008ec00000|100%| E|CS|TAMS 0x000000008eb00000, 0x000000008eb00000| Complete 
|  76|0x000000008ec00000, 0x000000008ed00000, 0x000000008ed00000|100%| E|CS|TAMS 0x000000008ec00000, 0x000000008ec00000| Complete 
|  77|0x000000008ed00000, 0x000000008ee00000, 0x000000008ee00000|100%| E|CS|TAMS 0x000000008ed00000, 0x000000008ed00000| Complete 
|  78|0x000000008ee00000, 0x000000008ef00000, 0x000000008ef00000|100%| E|CS|TAMS 0x000000008ee00000, 0x000000008ee00000| Complete 
|  79|0x000000008ef00000, 0x000000008f000000, 0x000000008f000000|100%| E|CS|TAMS 0x000000008ef00000, 0x000000008ef00000| Complete 
|  80|0x000000008f000000, 0x000000008f100000, 0x000000008f100000|100%| E|CS|TAMS 0x000000008f000000, 0x000000008f000000| Complete 
|  81|0x000000008f100000, 0x000000008f200000, 0x000000008f200000|100%| E|CS|TAMS 0x000000008f100000, 0x000000008f100000| Complete 
|  82|0x000000008f200000, 0x000000008f300000, 0x000000008f300000|100%| E|CS|TAMS 0x000000008f200000, 0x000000008f200000| Complete 
|  83|0x000000008f300000, 0x000000008f400000, 0x000000008f400000|100%| E|CS|TAMS 0x000000008f300000, 0x000000008f300000| Complete 
|  84|0x000000008f400000, 0x000000008f500000, 0x000000008f500000|100%| E|CS|TAMS 0x000000008f400000, 0x000000008f400000| Complete 
|  85|0x000000008f500000, 0x000000008f600000, 0x000000008f600000|100%| E|CS|TAMS 0x000000008f500000, 0x000000008f500000| Complete 
|  86|0x000000008f600000, 0x000000008f700000, 0x000000008f700000|100%| E|CS|TAMS 0x000000008f600000, 0x000000008f600000| Complete 
|  87|0x000000008f700000, 0x000000008f800000, 0x000000008f800000|100%| E|CS|TAMS 0x000000008f700000, 0x000000008f700000| Complete 
|  88|0x000000008f800000, 0x000000008f900000, 0x000000008f900000|100%| E|CS|TAMS 0x000000008f800000, 0x000000008f800000| Complete 
|  89|0x000000008f900000, 0x000000008fa00000, 0x000000008fa00000|100%| E|CS|TAMS 0x000000008f900000, 0x000000008f900000| Complete 
|  90|0x000000008fa00000, 0x000000008fb00000, 0x000000008fb00000|100%| E|CS|TAMS 0x000000008fa00000, 0x000000008fa00000| Complete 
|  91|0x000000008fb00000, 0x000000008fc00000, 0x000000008fc00000|100%| E|CS|TAMS 0x000000008fb00000, 0x000000008fb00000| Complete 
|  92|0x000000008fc00000, 0x000000008fd00000, 0x000000008fd00000|100%| E|CS|TAMS 0x000000008fc00000, 0x000000008fc00000| Complete 
|  93|0x000000008fd00000, 0x000000008fe00000, 0x000000008fe00000|100%| E|CS|TAMS 0x000000008fd00000, 0x000000008fd00000| Complete 
|  94|0x000000008fe00000, 0x000000008ff00000, 0x000000008ff00000|100%| E|CS|TAMS 0x000000008fe00000, 0x000000008fe00000| Complete 
|  95|0x000000008ff00000, 0x0000000090000000, 0x0000000090000000|100%| E|CS|TAMS 0x000000008ff00000, 0x000000008ff00000| Complete 
|  96|0x0000000090000000, 0x0000000090100000, 0x0000000090100000|100%| E|CS|TAMS 0x0000000090000000, 0x0000000090000000| Complete 
|  97|0x0000000090100000, 0x0000000090200000, 0x0000000090200000|100%| E|CS|TAMS 0x0000000090100000, 0x0000000090100000| Complete 
|  98|0x0000000090200000, 0x0000000090300000, 0x0000000090300000|100%| E|CS|TAMS 0x0000000090200000, 0x0000000090200000| Complete 
|  99|0x0000000090300000, 0x0000000090400000, 0x0000000090400000|100%| E|CS|TAMS 0x0000000090300000, 0x0000000090300000| Complete 
| 100|0x0000000090400000, 0x0000000090500000, 0x0000000090500000|100%| E|CS|TAMS 0x0000000090400000, 0x0000000090400000| Complete 
| 101|0x0000000090500000, 0x0000000090600000, 0x0000000090600000|100%| E|CS|TAMS 0x0000000090500000, 0x0000000090500000| Complete 
| 102|0x0000000090600000, 0x0000000090700000, 0x0000000090700000|100%| E|CS|TAMS 0x0000000090600000, 0x0000000090600000| Complete 
| 103|0x0000000090700000, 0x0000000090800000, 0x0000000090800000|100%| E|CS|TAMS 0x0000000090700000, 0x0000000090700000| Complete 
| 104|0x0000000090800000, 0x0000000090900000, 0x0000000090900000|100%| E|CS|TAMS 0x0000000090800000, 0x0000000090800000| Complete 
| 105|0x0000000090900000, 0x0000000090a00000, 0x0000000090a00000|100%| E|CS|TAMS 0x0000000090900000, 0x0000000090900000| Complete 
| 106|0x0000000090a00000, 0x0000000090b00000, 0x0000000090b00000|100%| E|CS|TAMS 0x0000000090a00000, 0x0000000090a00000| Complete 
| 107|0x0000000090b00000, 0x0000000090c00000, 0x0000000090c00000|100%| E|CS|TAMS 0x0000000090b00000, 0x0000000090b00000| Complete 
| 108|0x0000000090c00000, 0x0000000090d00000, 0x0000000090d00000|100%| E|CS|TAMS 0x0000000090c00000, 0x0000000090c00000| Complete 
| 109|0x0000000090d00000, 0x0000000090e00000, 0x0000000090e00000|100%| E|CS|TAMS 0x0000000090d00000, 0x0000000090d00000| Complete 
| 110|0x0000000090e00000, 0x0000000090f00000, 0x0000000090f00000|100%| E|CS|TAMS 0x0000000090e00000, 0x0000000090e00000| Complete 
| 111|0x0000000090f00000, 0x0000000091000000, 0x0000000091000000|100%| E|CS|TAMS 0x0000000090f00000, 0x0000000090f00000| Complete 
| 112|0x0000000091000000, 0x0000000091100000, 0x0000000091100000|100%| E|CS|TAMS 0x0000000091000000, 0x0000000091000000| Complete 
| 113|0x0000000091100000, 0x0000000091200000, 0x0000000091200000|100%| E|CS|TAMS 0x0000000091100000, 0x0000000091100000| Complete 
| 114|0x0000000091200000, 0x0000000091300000, 0x0000000091300000|100%| E|CS|TAMS 0x0000000091200000, 0x0000000091200000| Complete 
| 115|0x0000000091300000, 0x0000000091400000, 0x0000000091400000|100%| E|CS|TAMS 0x0000000091300000, 0x0000000091300000| Complete 
| 116|0x0000000091400000, 0x0000000091500000, 0x0000000091500000|100%| E|CS|TAMS 0x0000000091400000, 0x0000000091400000| Complete 
| 117|0x0000000091500000, 0x0000000091600000, 0x0000000091600000|100%| E|CS|TAMS 0x0000000091500000, 0x0000000091500000| Complete 
| 118|0x0000000091600000, 0x0000000091700000, 0x0000000091700000|100%| E|CS|TAMS 0x0000000091600000, 0x0000000091600000| Complete 
| 119|0x0000000091700000, 0x0000000091800000, 0x0000000091800000|100%| E|CS|TAMS 0x0000000091700000, 0x0000000091700000| Complete 
| 120|0x0000000091800000, 0x0000000091900000, 0x0000000091900000|100%| E|CS|TAMS 0x0000000091800000, 0x0000000091800000| Complete 
| 121|0x0000000091900000, 0x0000000091a00000, 0x0000000091a00000|100%| E|CS|TAMS 0x0000000091900000, 0x0000000091900000| Complete 
| 122|0x0000000091a00000, 0x0000000091b00000, 0x0000000091b00000|100%| E|CS|TAMS 0x0000000091a00000, 0x0000000091a00000| Complete 
| 123|0x0000000091b00000, 0x0000000091c00000, 0x0000000091c00000|100%| E|CS|TAMS 0x0000000091b00000, 0x0000000091b00000| Complete 
| 124|0x0000000091c00000, 0x0000000091d00000, 0x0000000091d00000|100%| E|CS|TAMS 0x0000000091c00000, 0x0000000091c00000| Complete 
| 125|0x0000000091d00000, 0x0000000091e00000, 0x0000000091e00000|100%| E|CS|TAMS 0x0000000091d00000, 0x0000000091d00000| Complete 
| 126|0x0000000091e00000, 0x0000000091f00000, 0x0000000091f00000|100%| E|CS|TAMS 0x0000000091e00000, 0x0000000091e00000| Complete 
| 127|0x0000000091f00000, 0x0000000092000000, 0x0000000092000000|100%| E|CS|TAMS 0x0000000091f00000, 0x0000000091f00000| Complete 
| 128|0x0000000092000000, 0x0000000092100000, 0x0000000092100000|100%| E|CS|TAMS 0x0000000092000000, 0x0000000092000000| Complete 
| 129|0x0000000092100000, 0x0000000092200000, 0x0000000092200000|100%| E|CS|TAMS 0x0000000092100000, 0x0000000092100000| Complete 
| 130|0x0000000092200000, 0x0000000092300000, 0x0000000092300000|100%| E|CS|TAMS 0x0000000092200000, 0x0000000092200000| Complete 
| 131|0x0000000092300000, 0x0000000092400000, 0x0000000092400000|100%| E|CS|TAMS 0x0000000092300000, 0x0000000092300000| Complete 
| 132|0x0000000092400000, 0x0000000092500000, 0x0000000092500000|100%| E|CS|TAMS 0x0000000092400000, 0x0000000092400000| Complete 
| 133|0x0000000092500000, 0x0000000092600000, 0x0000000092600000|100%| E|CS|TAMS 0x0000000092500000, 0x0000000092500000| Complete 
| 134|0x0000000092600000, 0x0000000092700000, 0x0000000092700000|100%| E|CS|TAMS 0x0000000092600000, 0x0000000092600000| Complete 
| 135|0x0000000092700000, 0x0000000092800000, 0x0000000092800000|100%| E|CS|TAMS 0x0000000092700000, 0x0000000092700000| Complete 
| 136|0x0000000092800000, 0x0000000092900000, 0x0000000092900000|100%| E|CS|TAMS 0x0000000092800000, 0x0000000092800000| Complete 
| 137|0x0000000092900000, 0x0000000092a00000, 0x0000000092a00000|100%| E|CS|TAMS 0x0000000092900000, 0x0000000092900000| Complete 
| 138|0x0000000092a00000, 0x0000000092b00000, 0x0000000092b00000|100%| E|CS|TAMS 0x0000000092a00000, 0x0000000092a00000| Complete 
| 139|0x0000000092b00000, 0x0000000092c00000, 0x0000000092c00000|100%| E|CS|TAMS 0x0000000092b00000, 0x0000000092b00000| Complete 
| 140|0x0000000092c00000, 0x0000000092d00000, 0x0000000092d00000|100%| E|CS|TAMS 0x0000000092c00000, 0x0000000092c00000| Complete 
| 141|0x0000000092d00000, 0x0000000092e00000, 0x0000000092e00000|100%| E|CS|TAMS 0x0000000092d00000, 0x0000000092d00000| Complete 

Card table byte_map: [0x0000027b503a0000,0x0000027b50750000] _byte_map_base: 0x0000027b4ff50000

Marking Bits (Prev, Next): (CMBitMap*) 0x0000027b380f9bd0, (CMBitMap*) 0x0000027b380f9b98
 Prev Bits: [0x0000027b52880000, 0x0000027b54600000)
 Next Bits: [0x0000027b50b00000, 0x0000027b52880000)

Polling page: 0x0000027b35f40000

Metaspace:

Usage:
  Non-class:     65.34 MB capacity,    64.18 MB ( 98%) used,   940.75 KB (  1%) free+waste,   246.19 KB ( <1%) overhead. 
      Class:     10.25 MB capacity,     9.48 MB ( 92%) used,   676.53 KB (  6%) free+waste,   116.00 KB (  1%) overhead. 
       Both:     75.60 MB capacity,    73.66 MB ( 97%) used,     1.58 MB (  2%) free+waste,   362.19 KB ( <1%) overhead. 

Virtual space:
  Non-class space:       66.00 MB reserved,      65.50 MB (>99%) committed 
      Class space:        1.00 GB reserved,      10.38 MB (  1%) committed 
             Both:        1.06 GB reserved,      75.88 MB (  7%) committed 

Chunk freelists:
   Non-Class:  32.00 KB
       Class:  0 bytes
        Both:  32.00 KB

MaxMetaspaceSize: 17179869184.00 GB
CompressedClassSpaceSize: 1.00 GB

CodeHeap 'non-profiled nmethods': size=119168Kb used=3741Kb max_used=3741Kb free=115426Kb
 bounds [0x0000027b48310000, 0x0000027b486c0000, 0x0000027b4f770000]
CodeHeap 'profiled nmethods': size=119168Kb used=15353Kb max_used=15353Kb free=103814Kb
 bounds [0x0000027b40eb0000, 0x0000027b41db0000, 0x0000027b48310000]
CodeHeap 'non-nmethods': size=7424Kb used=1802Kb max_used=1829Kb free=5621Kb
 bounds [0x0000027b40770000, 0x0000027b409e0000, 0x0000027b40eb0000]
 total_blobs=6950 nmethods=6327 adapters=533
 compilation: enabled
              stopped_count=0, restarted_count=0
 full_count=0

Compilation events (20 events):
Event: 48.061 Thread 0x0000027b57e8b000 6575       3       com.fasterxml.jackson.databind.introspect.POJOPropertyBuilder::getMetadata (140 bytes)
Event: 48.061 Thread 0x0000027b58f4b000 6574       1       com.fasterxml.jackson.databind.JsonDeserializer::getObjectIdReader (2 bytes)
Event: 48.061 Thread 0x0000027b58f4b000 nmethod 6574 0x0000027b486b6410 code [0x0000027b486b65c0, 0x0000027b486b6678]
Event: 48.061 Thread 0x0000027b58f4b000 6576       3       com.fasterxml.jackson.databind.deser.DeserializerCache::_findCachedDeserializer (36 bytes)
Event: 48.061 Thread 0x0000027b58f4b000 nmethod 6576 0x0000027b41daaa90 code [0x0000027b41daac80, 0x0000027b41dab148]
Event: 48.061 Thread 0x0000027b57e8b000 nmethod 6575 0x0000027b41dab310 code [0x0000027b41dab580, 0x0000027b41dabfb8]
Event: 48.062 Thread 0x0000027b58f4b000 6577       3       org.apache.http.util.CharArrayBuffer::append (37 bytes)
Event: 48.063 Thread 0x0000027b58f4b000 nmethod 6577 0x0000027b41dac290 code [0x0000027b41dac480, 0x0000027b41dac8c8]
Event: 48.064 Thread 0x0000027b57e8b000 6578       1       org.apache.http.message.BufferedHeader::getName (5 bytes)
Event: 48.065 Thread 0x0000027b57e8b000 nmethod 6578 0x0000027b486b6710 code [0x0000027b486b68c0, 0x0000027b486b6978]
Event: 48.067 Thread 0x0000027b58f4b000 6580       3       jdk.internal.misc.Unsafe::weakCompareAndSetLong (11 bytes)
Event: 48.067 Thread 0x0000027b58f4b000 nmethod 6580 0x0000027b41daca90 code [0x0000027b41dacc40, 0x0000027b41dacd58]
Event: 48.067 Thread 0x0000027b57e8b000 6581       3       org.springframework.context.event.GenericApplicationListenerAdapter::supportsEventType (89 bytes)
Event: 48.067 Thread 0x0000027b57e8b000 nmethod 6581 0x0000027b41dace10 code [0x0000027b41dad040, 0x0000027b41dad9e8]
Event: 48.068 Thread 0x0000027b58f4b000 6582       3       java.lang.Thread::isInterrupted (6 bytes)
Event: 48.068 Thread 0x0000027b57e8b000 6583       3       java.util.concurrent.SynchronousQueue$TransferStack::shouldSpin (30 bytes)
Event: 48.068 Thread 0x0000027b58f4b000 nmethod 6582 0x0000027b41dadb90 code [0x0000027b41dadd40, 0x0000027b41dade88]
Event: 48.068 Thread 0x0000027b58f4b000 6584       3       java.lang.Thread::onSpinWait (1 bytes)
Event: 48.068 Thread 0x0000027b58f4b000 nmethod 6584 0x0000027b41dadf10 code [0x0000027b41dae0c0, 0x0000027b41dae198]
Event: 48.068 Thread 0x0000027b57e8b000 nmethod 6583 0x0000027b41dae210 code [0x0000027b41dae3e0, 0x0000027b41dae678]

GC Heap History (20 events):
Event: 1.292 GC heap before
{Heap before GC invocations=0 (full 0):
 garbage-first heap   total 120832K, used 25600K [0x000000008a000000, 0x0000000100000000)
  region size 1024K, 24 young (24576K), 0 survivors (0K)
 Metaspace       used 9917K, capacity 10076K, committed 10240K, reserved 1058816K
  class space    used 906K, capacity 952K, committed 1024K, reserved 1048576K
}
Event: 1.299 GC heap after
{Heap after GC invocations=1 (full 0):
 garbage-first heap   total 120832K, used 8090K [0x000000008a000000, 0x0000000100000000)
  region size 1024K, 3 young (3072K), 3 survivors (3072K)
 Metaspace       used 9917K, capacity 10076K, committed 10240K, reserved 1058816K
  class space    used 906K, capacity 952K, committed 1024K, reserved 1048576K
}
Event: 3.244 GC heap before
{Heap before GC invocations=1 (full 0):
 garbage-first heap   total 120832K, used 57242K [0x000000008a000000, 0x0000000100000000)
  region size 1024K, 53 young (54272K), 3 survivors (3072K)
 Metaspace       used 20565K, capacity 21120K, committed 21248K, reserved 1069056K
  class space    used 2253K, capacity 2487K, committed 2560K, reserved 1048576K
}
Event: 3.251 GC heap after
{Heap after GC invocations=2 (full 0):
 garbage-first heap   total 120832K, used 10376K [0x000000008a000000, 0x0000000100000000)
  region size 1024K, 6 young (6144K), 6 survivors (6144K)
 Metaspace       used 20565K, capacity 21120K, committed 21248K, reserved 1069056K
  class space    used 2253K, capacity 2487K, committed 2560K, reserved 1048576K
}
Event: 3.592 GC heap before
{Heap before GC invocations=3 (full 0):
 garbage-first heap   total 120832K, used 49288K [0x000000008a000000, 0x0000000100000000)
  region size 1024K, 44 young (45056K), 6 survivors (6144K)
 Metaspace       used 25786K, capacity 26398K, committed 26496K, reserved 1073152K
  class space    used 2915K, capacity 3157K, committed 3200K, reserved 1048576K
}
Event: 3.597 GC heap after
{Heap after GC invocations=4 (full 0):
 garbage-first heap   total 120832K, used 11430K [0x000000008a000000, 0x0000000100000000)
  region size 1024K, 4 young (4096K), 4 survivors (4096K)
 Metaspace       used 25786K, capacity 26398K, committed 26496K, reserved 1073152K
  class space    used 2915K, capacity 3157K, committed 3200K, reserved 1048576K
}
Event: 4.322 GC heap before
{Heap before GC invocations=4 (full 0):
 garbage-first heap   total 120832K, used 68774K [0x000000008a000000, 0x0000000100000000)
  region size 1024K, 61 young (62464K), 4 survivors (4096K)
 Metaspace       used 27440K, capacity 28104K, committed 28160K, reserved 1075200K
  class space    used 3071K, capacity 3320K, committed 3328K, reserved 1048576K
}
Event: 4.328 GC heap after
{Heap after GC invocations=5 (full 0):
 garbage-first heap   total 120832K, used 12767K [0x000000008a000000, 0x0000000100000000)
  region size 1024K, 5 young (5120K), 5 survivors (5120K)
 Metaspace       used 27440K, capacity 28104K, committed 28160K, reserved 1075200K
  class space    used 3071K, capacity 3320K, committed 3328K, reserved 1048576K
}
Event: 6.387 GC heap before
{Heap before GC invocations=5 (full 0):
 garbage-first heap   total 120832K, used 78303K [0x000000008a000000, 0x0000000100000000)
  region size 1024K, 69 young (70656K), 5 survivors (5120K)
 Metaspace       used 32482K, capacity 33356K, committed 33408K, reserved 1079296K
  class space    used 3828K, capacity 4187K, committed 4224K, reserved 1048576K
}
Event: 6.400 GC heap after
{Heap after GC invocations=6 (full 0):
 garbage-first heap   total 120832K, used 14806K [0x000000008a000000, 0x0000000100000000)
  region size 1024K, 7 young (7168K), 7 survivors (7168K)
 Metaspace       used 32482K, capacity 33356K, committed 33408K, reserved 1079296K
  class space    used 3828K, capacity 4187K, committed 4224K, reserved 1048576K
}
Event: 6.978 GC heap before
{Heap before GC invocations=6 (full 0):
 garbage-first heap   total 120832K, used 33238K [0x000000008a000000, 0x0000000100000000)
  region size 1024K, 26 young (26624K), 7 survivors (7168K)
 Metaspace       used 34846K, capacity 35711K, committed 35840K, reserved 1081344K
  class space    used 4139K, capacity 4492K, committed 4608K, reserved 1048576K
}
Event: 6.995 GC heap after
{Heap after GC invocations=7 (full 0):
 garbage-first heap   total 120832K, used 15794K [0x000000008a000000, 0x0000000100000000)
  region size 1024K, 6 young (6144K), 6 survivors (6144K)
 Metaspace       used 34846K, capacity 35711K, committed 35840K, reserved 1081344K
  class space    used 4139K, capacity 4492K, committed 4608K, reserved 1048576K
}
Event: 8.232 GC heap before
{Heap before GC invocations=8 (full 0):
 garbage-first heap   total 120832K, used 84402K [0x000000008a000000, 0x0000000100000000)
  region size 1024K, 70 young (71680K), 6 survivors (6144K)
 Metaspace       used 38653K, capacity 39820K, committed 39936K, reserved 1083392K
  class space    used 4621K, capacity 5093K, committed 5120K, reserved 1048576K
}
Event: 8.243 GC heap after
{Heap after GC invocations=9 (full 0):
 garbage-first heap   total 120832K, used 18432K [0x000000008a000000, 0x0000000100000000)
  region size 1024K, 6 young (6144K), 6 survivors (6144K)
 Metaspace       used 38653K, capacity 39820K, committed 39936K, reserved 1083392K
  class space    used 4621K, capacity 5093K, committed 5120K, reserved 1048576K
}
Event: 10.333 GC heap before
{Heap before GC invocations=9 (full 0):
 garbage-first heap   total 120832K, used 83968K [0x000000008a000000, 0x0000000100000000)
  region size 1024K, 70 young (71680K), 6 survivors (6144K)
 Metaspace       used 46829K, capacity 48016K, committed 48128K, reserved 1091584K
  class space    used 5877K, capacity 6349K, committed 6400K, reserved 1048576K
}
Event: 10.341 GC heap after
{Heap after GC invocations=10 (full 0):
 garbage-first heap   total 145408K, used 19633K [0x000000008a000000, 0x0000000100000000)
  region size 1024K, 6 young (6144K), 6 survivors (6144K)
 Metaspace       used 46829K, capacity 48016K, committed 48128K, reserved 1091584K
  class space    used 5877K, capacity 6349K, committed 6400K, reserved 1048576K
}
Event: 12.172 GC heap before
{Heap before GC invocations=10 (full 0):
 garbage-first heap   total 145408K, used 83121K [0x000000008a000000, 0x0000000100000000)
  region size 1024K, 69 young (70656K), 6 survivors (6144K)
 Metaspace       used 58726K, capacity 60069K, committed 60160K, reserved 1101824K
  class space    used 7416K, capacity 7982K, committed 8064K, reserved 1048576K
}
Event: 12.181 GC heap after
{Heap after GC invocations=11 (full 0):
 garbage-first heap   total 145408K, used 23192K [0x000000008a000000, 0x0000000100000000)
  region size 1024K, 9 young (9216K), 9 survivors (9216K)
 Metaspace       used 58726K, capacity 60069K, committed 60160K, reserved 1101824K
  class space    used 7416K, capacity 7982K, committed 8064K, reserved 1048576K
}
Event: 15.251 GC heap before
{Heap before GC invocations=12 (full 0):
 garbage-first heap   total 145408K, used 101016K [0x000000008a000000, 0x0000000100000000)
  region size 1024K, 85 young (87040K), 9 survivors (9216K)
 Metaspace       used 67775K, capacity 69594K, committed 69632K, reserved 1110016K
  class space    used 8701K, capacity 9439K, committed 9472K, reserved 1048576K
}
Event: 15.261 GC heap after
{Heap after GC invocations=13 (full 0):
 garbage-first heap   total 145408K, used 27471K [0x000000008a000000, 0x0000000100000000)
  region size 1024K, 9 young (9216K), 9 survivors (9216K)
 Metaspace       used 67775K, capacity 69594K, committed 69632K, reserved 1110016K
  class space    used 8701K, capacity 9439K, committed 9472K, reserved 1048576K
}

Deoptimization events (20 events):
Event: 18.760 Thread 0x0000027b58396800 Uncommon trap: trap_request=0xffffffbe fr.pc=0x0000027b48662ea8 relative=0x0000000000002948
Event: 18.760 Thread 0x0000027b58396800 Uncommon trap: reason=profile_predicate action=maybe_recompile pc=0x0000027b48662ea8 method=java.util.TreeMap.put(Ljava/lang/Object;Ljava/lang/Object;)Ljava/lang/Object; @ 55 c2
Event: 18.760 Thread 0x0000027b58396800 DEOPT PACKING pc=0x0000027b48662ea8 sp=0x000000f2d2afe9a0
Event: 18.760 Thread 0x0000027b58396800 DEOPT UNPACKING pc=0x0000027b4079662f sp=0x000000f2d2afe988 mode 2
Event: 18.760 Thread 0x0000027b58396800 Uncommon trap: trap_request=0xffffffbe fr.pc=0x0000027b48662ea8 relative=0x0000000000002948
Event: 18.760 Thread 0x0000027b58396800 Uncommon trap: reason=profile_predicate action=maybe_recompile pc=0x0000027b48662ea8 method=java.util.TreeMap.put(Ljava/lang/Object;Ljava/lang/Object;)Ljava/lang/Object; @ 55 c2
Event: 18.760 Thread 0x0000027b58396800 DEOPT PACKING pc=0x0000027b48662ea8 sp=0x000000f2d2afe9a0
Event: 18.760 Thread 0x0000027b58396800 DEOPT UNPACKING pc=0x0000027b4079662f sp=0x000000f2d2afe988 mode 2
Event: 18.760 Thread 0x0000027b58396800 Uncommon trap: trap_request=0xffffffbe fr.pc=0x0000027b48662ea8 relative=0x0000000000002948
Event: 18.760 Thread 0x0000027b58396800 Uncommon trap: reason=profile_predicate action=maybe_recompile pc=0x0000027b48662ea8 method=java.util.TreeMap.put(Ljava/lang/Object;Ljava/lang/Object;)Ljava/lang/Object; @ 55 c2
Event: 18.760 Thread 0x0000027b58396800 DEOPT PACKING pc=0x0000027b48662ea8 sp=0x000000f2d2afe9a0
Event: 18.760 Thread 0x0000027b58396800 DEOPT UNPACKING pc=0x0000027b4079662f sp=0x000000f2d2afe988 mode 2
Event: 18.822 Thread 0x0000027b380b8800 Uncommon trap: trap_request=0xffffff4d fr.pc=0x0000027b4837e1fc relative=0x000000000000005c
Event: 18.822 Thread 0x0000027b380b8800 Uncommon trap: reason=unstable_if action=reinterpret pc=0x0000027b4837e1fc method=org.springframework.util.ConcurrentReferenceHashMap$Segment.clear()V @ 7 c2
Event: 18.822 Thread 0x0000027b380b8800 DEOPT PACKING pc=0x0000027b4837e1fc sp=0x000000f2d17fe910
Event: 18.822 Thread 0x0000027b380b8800 DEOPT UNPACKING pc=0x0000027b4079662f sp=0x000000f2d17fe8a0 mode 2
Event: 28.772 Thread 0x0000027b58394000 Uncommon trap: trap_request=0xffffffbe fr.pc=0x0000027b48662ea8 relative=0x0000000000002948
Event: 28.772 Thread 0x0000027b58394000 Uncommon trap: reason=profile_predicate action=maybe_recompile pc=0x0000027b48662ea8 method=java.util.TreeMap.put(Ljava/lang/Object;Ljava/lang/Object;)Ljava/lang/Object; @ 55 c2
Event: 28.772 Thread 0x0000027b58394000 DEOPT PACKING pc=0x0000027b48662ea8 sp=0x000000f2d2ffe640
Event: 28.772 Thread 0x0000027b58394000 DEOPT UNPACKING pc=0x0000027b4079662f sp=0x000000f2d2ffe628 mode 2

Classes redefined (0 events):
No events

Internal exceptions (20 events):
Event: 15.248 Thread 0x0000027b380b8800 Exception <a 'java/lang/ClassNotFoundException'{0x000000008d9b2578}: org/aopalliance/intercept/MethodInterceptorCustomizer> (0x000000008d9b2578) thrown at [./src/hotspot/share/classfile/systemDictionary.cpp, line 231]
Event: 15.249 Thread 0x0000027b380b8800 Exception <a 'java/lang/ClassNotFoundException'{0x000000008d9c6190}: org/aopalliance/intercept/InterceptorCustomizer> (0x000000008d9c6190) thrown at [./src/hotspot/share/classfile/systemDictionary.cpp, line 231]
Event: 15.249 Thread 0x0000027b380b8800 Exception <a 'java/lang/ClassNotFoundException'{0x000000008d9d7408}: org/aopalliance/aop/AdviceCustomizer> (0x000000008d9d7408) thrown at [./src/hotspot/share/classfile/systemDictionary.cpp, line 231]
Event: 15.250 Thread 0x0000027b380b8800 Exception <a 'java/lang/ClassNotFoundException'{0x000000008d9ebf00}: org/springframework/beans/factory/FactoryBeanCustomizer> (0x000000008d9ebf00) thrown at [./src/hotspot/share/classfile/systemDictionary.cpp, line 231]
Event: 15.262 Thread 0x0000027b380b8800 Exception <a 'java/lang/ClassNotFoundException'{0x0000000092d040c0}: org/springframework/beans/factory/BeanFactoryAwareCustomizer> (0x0000000092d040c0) thrown at [./src/hotspot/share/classfile/systemDictionary.cpp, line 231]
Event: 15.263 Thread 0x0000027b380b8800 Exception <a 'java/lang/ClassNotFoundException'{0x0000000092d18610}: org/springframework/beans/factory/AwareCustomizer> (0x0000000092d18610) thrown at [./src/hotspot/share/classfile/systemDictionary.cpp, line 231]
Event: 15.263 Thread 0x0000027b380b8800 Exception <a 'java/lang/ClassNotFoundException'{0x0000000092d2e430}: org/springframework/aop/framework/AopInfrastructureBeanCustomizer> (0x0000000092d2e430) thrown at [./src/hotspot/share/classfile/systemDictionary.cpp, line 231]
Event: 15.313 Thread 0x0000027b380b8800 Implicit null exception at 0x0000027b48502b6f to 0x0000027b48502c18
Event: 15.313 Thread 0x0000027b380b8800 Implicit null exception at 0x0000027b48502b6f to 0x0000027b48502c18
Event: 16.419 Thread 0x0000027b380b8800 Exception <a 'java/lang/NoSuchMethodError'{0x0000000091f93f78}: 'java.lang.Object java.lang.invoke.DirectMethodHandle$Holder.invokeSpecial(java.lang.Object, java.lang.Object, int, java.lang.Object, int, java.lang.Object)'> (0x0000000091f93f78) thrown at [./src/hotspot/share/interpreter/linkResolver.cpp, line 773]
Event: 16.420 Thread 0x0000027b380b8800 Exception <a 'java/lang/NoSuchMethodError'{0x0000000091f9b460}: 'java.lang.Object java.lang.invoke.DirectMethodHandle$Holder.invokeStatic(java.lang.Object, java.lang.Object, int, java.lang.Object, int)'> (0x0000000091f9b460) thrown at [./src/hotspot/share/interpreter/linkResolver.cpp, line 773]
Event: 16.420 Thread 0x0000027b380b8800 Exception <a 'java/lang/NoSuchMethodError'{0x0000000091f9ec40}: 'java.lang.Object java.lang.invoke.DirectMethodHandle$Holder.invokeSpecial(java.lang.Object, java.lang.Object, java.lang.Object, int, java.lang.Object, int)'> (0x0000000091f9ec40) thrown at [./src/hotspot/share/interpreter/linkResolver.cpp, line 773]
Event: 16.422 Thread 0x0000027b380b8800 Exception <a 'java/lang/NoSuchMethodError'{0x0000000091faa868}: 'void java.lang.invoke.DirectMethodHandle$Holder.invokeVirtual(java.lang.Object, java.lang.Object)'> (0x0000000091faa868) thrown at [./src/hotspot/share/interpreter/linkResolver.cpp, line 773]
Event: 16.580 Thread 0x0000027b380b8800 Exception <a 'java/lang/IncompatibleClassChangeError'{0x0000000091a31550}: Found class java.lang.Object, but interface was expected> (0x0000000091a31550) thrown at [./src/hotspot/share/interpreter/linkResolver.cpp, line 839]
Event: 16.641 Thread 0x0000027b380b8800 Exception <a 'java/lang/NoSuchMethodError'{0x0000000091ac0038}: 'java.lang.Object java.lang.invoke.DirectMethodHandle$Holder.invokeStatic(java.lang.Object, java.lang.Object, java.lang.Object, java.lang.Object, java.lang.Object, java.lang.Object, java.lang.Object, java.lang.Object, java.lang.Object, java.lang.Object, java.lang.Object, int)'> (0x0000000091ac0038) thrown at [./src/hotspot/share/interpreter/linkResolver.cpp, line 773]
Event: 16.643 Thread 0x0000027b380b8800 Exception <a 'java/lang/NoSuchMethodError'{0x0000000091ade510}: 'java.lang.Object java.lang.invoke.DirectMethodHandle$Holder.invokeStatic(java.lang.Object, java.lang.Object, java.lang.Object, java.lang.Object, java.lang.Object, java.lang.Object, java.lang.Object, java.lang.Object, java.lang.Object, java.lang.Object, java.lang.Object, int, int)'> (0x0000000091ade510) thrown at [./src/hotspot/share/interpreter/linkResolver.cpp, line 773]
Event: 16.645 Thread 0x0000027b380b8800 Exception <a 'java/lang/NoSuchMethodError'{0x0000000091afda98}: 'java.lang.Object java.lang.invoke.DirectMethodHandle$Holder.invokeStatic(java.lang.Object, java.lang.Object, java.lang.Object, java.lang.Object, java.lang.Object, java.lang.Object, java.lang.Object, java.lang.Object, java.lang.Object, java.lang.Object, java.lang.Object, int, int, java.lang.Object)'> (0x0000000091afda98) thrown at [./src/hotspot/share/interpreter/linkResolver.cpp, line 773]
Event: 16.647 Thread 0x0000027b380b8800 Exception <a 'java/lang/NoSuchMethodError'{0x000000009191ebf0}: 'java.lang.Object java.lang.invoke.DirectMethodHandle$Holder.invokeStatic(java.lang.Object, java.lang.Object, java.lang.Object, java.lang.Object, java.lang.Object, java.lang.Object, java.lang.Object, java.lang.Object, java.lang.Object, java.lang.Object, java.lang.Object, int, int, java.lang.Object, java.lang.Object)'> (0x000000009191ebf0) thrown at [./src/hotspot/share/interpreter/linkResolver.cpp, line 773]
Event: 16.878 Thread 0x0000027b380b8800 Implicit null exception at 0x0000027b48460989 to 0x0000027b48460b74
Event: 48.060 Thread 0x0000027b58f49800 Exception <a 'java/net/SocketTimeoutException'{0x000000008e85c310}: Read timed out> (0x000000008e85c310) thrown at [./src/hotspot/share/prims/jni.cpp, line 636]

Events (20 events):
Event: 48.057 Executing VM operation: RevokeBias
Event: 48.058 Executing VM operation: RevokeBias done
Event: 48.060 loading class sun/net/ConnectionResetException
Event: 48.061 Executing VM operation: RevokeBias
Event: 48.062 loading class sun/net/ConnectionResetException done
Event: 48.062 Executing VM operation: RevokeBias done
Event: 48.062 Executing VM operation: RevokeBias
Event: 48.062 Executing VM operation: RevokeBias done
Event: 48.062 Executing VM operation: RevokeBias
Event: 48.062 Executing VM operation: RevokeBias done
Event: 48.066 Executing VM operation: RevokeBias
Event: 48.066 Executing VM operation: RevokeBias done
Event: 48.066 Executing VM operation: RevokeBias
Event: 48.066 Executing VM operation: RevokeBias done
Event: 48.066 Executing VM operation: RevokeBias
Event: 48.066 Executing VM operation: RevokeBias done
Event: 48.066 Executing VM operation: RevokeBias
Event: 48.066 Executing VM operation: RevokeBias done
Event: 48.067 Executing VM operation: RevokeBias
Event: 48.067 Executing VM operation: RevokeBias done


Dynamic libraries:
0x00007ff6649e0000 - 0x00007ff6649ed000 	C:\Program Files\AdoptOpenJDK\jdk-11.0.11.9-hotspot\bin\java.exe
0x00007ffbd9ec0000 - 0x00007ffbda0c9000 	C:\WINDOWS\SYSTEM32\ntdll.dll
0x00007ffbd8e00000 - 0x00007ffbd8ebd000 	C:\WINDOWS\System32\KERNEL32.DLL
0x00007ffbd7860000 - 0x00007ffbd7bdc000 	C:\WINDOWS\System32\KERNELBASE.dll
0x00007ffbd7620000 - 0x00007ffbd7731000 	C:\WINDOWS\System32\ucrtbase.dll
0x00007ffbd0c70000 - 0x00007ffbd0c87000 	C:\Program Files\AdoptOpenJDK\jdk-11.0.11.9-hotspot\bin\jli.dll
0x00007ffbd8270000 - 0x00007ffbd841d000 	C:\WINDOWS\System32\USER32.dll
0x00007ffbd74c0000 - 0x00007ffbd74e6000 	C:\WINDOWS\System32\win32u.dll
0x00007ffbd9260000 - 0x00007ffbd9289000 	C:\WINDOWS\System32\GDI32.dll
0x00007ffbd7740000 - 0x00007ffbd7859000 	C:\WINDOWS\System32\gdi32full.dll
0x00007ffbd7420000 - 0x00007ffbd74bd000 	C:\WINDOWS\System32\msvcp_win.dll
0x00007ffbc6dc0000 - 0x00007ffbc6dd5000 	C:\Program Files\AdoptOpenJDK\jdk-11.0.11.9-hotspot\bin\VCRUNTIME140.dll
0x00007ffbc50c0000 - 0x00007ffbc5365000 	C:\WINDOWS\WinSxS\amd64_microsoft.windows.common-controls_6595b64144ccf1df_6.0.22000.120_none_9d947278b86cc467\COMCTL32.dll
0x00007ffbd9400000 - 0x00007ffbd94a3000 	C:\WINDOWS\System32\msvcrt.dll
0x00007ffbd92f0000 - 0x00007ffbd9321000 	C:\WINDOWS\System32\IMM32.DLL
0x00007ffbb8320000 - 0x00007ffbb8478000 	C:\Program Files (x86)\Citrix\ICA Client\epclient64.dll
0x00007ffbd7d50000 - 0x00007ffbd80c9000 	C:\WINDOWS\System32\combase.dll
0x00007ffbd9120000 - 0x00007ffbd9240000 	C:\WINDOWS\System32\RPCRT4.dll
0x00007ffbcf340000 - 0x00007ffbcf34a000 	C:\WINDOWS\SYSTEM32\VERSION.dll
0x00007ffbd6d80000 - 0x00007ffbd6da7000 	C:\WINDOWS\SYSTEM32\bcrypt.dll
0x00007ffbd8490000 - 0x00007ffbd853e000 	C:\WINDOWS\System32\ADVAPI32.dll
0x00007ffbd9080000 - 0x00007ffbd911e000 	C:\WINDOWS\System32\sechost.dll
0x00007ffbd49d0000 - 0x00007ffbd4a04000 	C:\WINDOWS\SYSTEM32\ntmarta.dll
0x00007ffbd6580000 - 0x00007ffbd6598000 	C:\WINDOWS\SYSTEM32\kernel.appcore.dll
0x00007ffbd73a0000 - 0x00007ffbd741f000 	C:\WINDOWS\System32\bcryptprimitives.dll
0x00007ffbad980000 - 0x00007ffbada1b000 	C:\Program Files\AdoptOpenJDK\jdk-11.0.11.9-hotspot\bin\msvcp140.dll
0x00007ffb1c7a0000 - 0x00007ffb1d2eb000 	C:\Program Files\AdoptOpenJDK\jdk-11.0.11.9-hotspot\bin\server\jvm.dll
0x00007ffbd8700000 - 0x00007ffbd8708000 	C:\WINDOWS\System32\PSAPI.DLL
0x00007ffbae9d0000 - 0x00007ffbae9d9000 	C:\WINDOWS\SYSTEM32\WSOCK32.dll
0x0000027b35ed0000 - 0x0000027b35f3f000 	C:\WINDOWS\System32\WS2_32.dll
0x00007ffbd0850000 - 0x00007ffbd0883000 	C:\WINDOWS\SYSTEM32\WINMM.dll
0x00007ffbd4300000 - 0x00007ffbd4310000 	C:\Program Files\AdoptOpenJDK\jdk-11.0.11.9-hotspot\bin\verify.dll
0x00007ffbd4ff0000 - 0x00007ffbd5211000 	C:\WINDOWS\SYSTEM32\DBGHELP.DLL
0x00007ffbc1350000 - 0x00007ffbc1381000 	C:\WINDOWS\SYSTEM32\dbgcore.DLL
0x00007ffbc6b50000 - 0x00007ffbc6b78000 	C:\Program Files\AdoptOpenJDK\jdk-11.0.11.9-hotspot\bin\java.dll
0x00007ffbd0c40000 - 0x00007ffbd0c4a000 	C:\Program Files\AdoptOpenJDK\jdk-11.0.11.9-hotspot\bin\jimage.dll
0x00007ffbc7020000 - 0x00007ffbc702e000 	C:\Program Files\AdoptOpenJDK\jdk-11.0.11.9-hotspot\bin\instrument.dll
0x00007ffbc6d20000 - 0x00007ffbc6d37000 	C:\Program Files\AdoptOpenJDK\jdk-11.0.11.9-hotspot\bin\zip.dll
0x00007ffbd95d0000 - 0x00007ffbd9d88000 	C:\WINDOWS\System32\SHELL32.dll
0x00007ffbd5510000 - 0x00007ffbd5d78000 	C:\WINDOWS\SYSTEM32\windows.storage.dll
0x00007ffbd53a0000 - 0x00007ffbd5506000 	C:\WINDOWS\SYSTEM32\wintypes.dll
0x00007ffbd80d0000 - 0x00007ffbd81ba000 	C:\WINDOWS\System32\SHCORE.dll
0x0000027b581d0000 - 0x0000027b5822d000 	C:\WINDOWS\System32\shlwapi.dll
0x00007ffbd72d0000 - 0x00007ffbd72f1000 	C:\WINDOWS\SYSTEM32\profapi.dll
0x00007ffbc6b30000 - 0x00007ffbc6b49000 	C:\Program Files\AdoptOpenJDK\jdk-11.0.11.9-hotspot\bin\net.dll
0x00007ffbd0640000 - 0x00007ffbd074c000 	C:\WINDOWS\SYSTEM32\WINHTTP.dll
0x00007ffbd69b0000 - 0x00007ffbd6a17000 	C:\WINDOWS\system32\mswsock.dll
0x00007ffbc6b10000 - 0x00007ffbc6b22000 	C:\Program Files\AdoptOpenJDK\jdk-11.0.11.9-hotspot\bin\nio.dll
0x00007ffbad8f0000 - 0x00007ffbad90a000 	C:\Program Files\JetBrains\IntelliJ IDEA Community Edition 2021.2\bin\breakgen64.dll
0x00007ffbd60b0000 - 0x00007ffbd60dd000 	C:\WINDOWS\SYSTEM32\IPHLPAPI.DLL
0x00007ffbd87b0000 - 0x00007ffbd87b9000 	C:\WINDOWS\System32\NSI.dll
0x00007ffbd08a0000 - 0x00007ffbd08b9000 	C:\WINDOWS\SYSTEM32\dhcpcsvc6.DLL
0x00007ffbd10e0000 - 0x00007ffbd10fe000 	C:\WINDOWS\SYSTEM32\dhcpcsvc.DLL
0x00007ffbd60e0000 - 0x00007ffbd61c8000 	C:\WINDOWS\SYSTEM32\DNSAPI.dll
0x00007ffbc7fe0000 - 0x00007ffbc7fea000 	C:\Windows\System32\rasadhlp.dll
0x00007ffbcf350000 - 0x00007ffbcf3d1000 	C:\WINDOWS\System32\fwpuclnt.dll
0x00007ffbc4a30000 - 0x00007ffbc4a39000 	C:\Program Files\AdoptOpenJDK\jdk-11.0.11.9-hotspot\bin\management.dll
0x00007ffbc3890000 - 0x00007ffbc389b000 	C:\Program Files\AdoptOpenJDK\jdk-11.0.11.9-hotspot\bin\management_ext.dll
0x00007ffbb6f10000 - 0x00007ffbb6f27000 	C:\WINDOWS\system32\napinsp.dll
0x00007ffbb6db0000 - 0x00007ffbb6dcb000 	C:\WINDOWS\system32\pnrpnsp.dll
0x00007ffbb6e60000 - 0x00007ffbb6e72000 	C:\WINDOWS\System32\winrnr.dll
0x00007ffbd0480000 - 0x00007ffbd0495000 	C:\WINDOWS\system32\wshbth.dll
0x00007ffbb6c30000 - 0x00007ffbb6c4f000 	C:\WINDOWS\system32\nlansp_c.dll
0x00007ffbd6c00000 - 0x00007ffbd6c18000 	C:\WINDOWS\SYSTEM32\CRYPTSP.dll
0x00007ffbd64e0000 - 0x00007ffbd6515000 	C:\WINDOWS\system32\rsaenh.dll
0x00007ffbd6aa0000 - 0x00007ffbd6ac9000 	C:\WINDOWS\SYSTEM32\USERENV.dll
0x00007ffbd6bf0000 - 0x00007ffbd6bfc000 	C:\WINDOWS\SYSTEM32\CRYPTBASE.dll
0x00007ffba9b70000 - 0x00007ffba9b95000 	C:\Program Files\AdoptOpenJDK\jdk-11.0.11.9-hotspot\bin\sunec.dll
0x00007ffbc6e10000 - 0x00007ffbc6e1e000 	C:\Program Files\AdoptOpenJDK\jdk-11.0.11.9-hotspot\bin\sunmscapi.dll
0x0000027b5da30000 - 0x0000027b5db92000 	C:\WINDOWS\System32\CRYPT32.dll
0x00007ffbd6d50000 - 0x00007ffbd6d78000 	C:\WINDOWS\SYSTEM32\ncrypt.dll
0x00007ffbd6d10000 - 0x00007ffbd6d47000 	C:\WINDOWS\SYSTEM32\NTASN1.dll

dbghelp: loaded successfully - version: 4.0.5 - missing functions: none
symbol engine: initialized successfully - sym options: 0x614 - pdb path: .;C:\Program Files\AdoptOpenJDK\jdk-11.0.11.9-hotspot\bin;C:\WINDOWS\SYSTEM32;C:\WINDOWS\WinSxS\amd64_microsoft.windows.common-controls_6595b64144ccf1df_6.0.22000.120_none_9d947278b86cc467;C:\Program Files (x86)\Citrix\ICA Client;C:\Program Files\AdoptOpenJDK\jdk-11.0.11.9-hotspot\bin\server;C:\Program Files\JetBrains\IntelliJ IDEA Community Edition 2021.2\bin

VM Arguments:
jvm_args: -javaagent:C:\Program Files\JetBrains\IntelliJ IDEA Community Edition 2021.2\lib\idea_rt.jar=59672:C:\Program Files\JetBrains\IntelliJ IDEA Community Edition 2021.2\bin -Dfile.encoding=UTF-8 
java_command: com.project.CreditCardServiceApplication
java_class_path (initial): C:\Users\divya\Desktop\NatWest_Webdev\Angular\customer-support-system-13-10\customer-support-system\customerSupportSystemBackend\CreditCardService\target\classes;C:\Users\divya\.m2\repository\org\springframework\boot\spring-boot-starter-data-jpa\2.7.4\spring-boot-starter-data-jpa-2.7.4.jar;C:\Users\divya\.m2\repository\org\springframework\boot\spring-boot-starter-aop\2.7.4\spring-boot-starter-aop-2.7.4.jar;C:\Users\divya\.m2\repository\org\springframework\spring-aop\5.3.23\spring-aop-5.3.23.jar;C:\Users\divya\.m2\repository\org\aspectj\aspectjweaver\1.9.7\aspectjweaver-1.9.7.jar;C:\Users\divya\.m2\repository\org\springframework\boot\spring-boot-starter-jdbc\2.7.4\spring-boot-starter-jdbc-2.7.4.jar;C:\Users\divya\.m2\repository\com\zaxxer\HikariCP\4.0.3\HikariCP-4.0.3.jar;C:\Users\divya\.m2\repository\org\springframework\spring-jdbc\5.3.23\spring-jdbc-5.3.23.jar;C:\Users\divya\.m2\repository\jakarta\transaction\jakarta.transaction-api\1.3.3\jakarta.transaction-api-1.3.3.jar;C:\Users\divya\.m2\repository\jakarta\persistence\jakarta.persistence-api\2.2.3\jakarta.persistence-api-2.2.3.jar;C:\Users\divya\.m2\repository\org\hibernate\hibernate-core\5.6.11.Final\hibernate-core-5.6.11.Final.jar;C:\Users\divya\.m2\repository\org\jboss\logging\jboss-logging\3.4.3.Final\jboss-logging-3.4.3.Final.jar;C:\Users\divya\.m2\repository\net\bytebuddy\byte-buddy\1.12.17\byte-buddy-1.12.17.jar;C:\Users\divya\.m2\repository\antlr\antlr\2.7.7\antlr-2.7.7.jar;C:\Users\divya\.m2\repository\org\jboss\jandex\2.4.2.Final\jandex-2.4.2.Final.jar;C:\Users\divya\.m2\repository\com\fasterxml\classmate\1.5.1\classmate-1.5.1.jar;C:\Users\divya\.m2\repository\org\hibernate\common\hibernate-commons-annotations\5.1.2.Final\hibernate-commons-annotations-5.1.2.Final.jar;C:\Users\divya\.m2\repository\org\glassfish\jaxb\jaxb-runtime\2.3.6\jaxb-runtime-2.3.6.jar;C:\Users\divya\.m2\repository\org\glassfish\jaxb\txw2\2.3.6\txw2-2.3.6.jar;C:\Users\divya\.m2\repository\com\sun\istack
Launcher Type: SUN_STANDARD

[Global flags]
     intx CICompilerCount                          = 12                                        {product} {ergonomic}
     uint ConcGCThreads                            = 3                                         {product} {ergonomic}
     uint G1ConcRefinementThreads                  = 13                                        {product} {ergonomic}
   size_t G1HeapRegionSize                         = 1048576                                   {product} {ergonomic}
    uintx GCDrainStackTargetSize                   = 64                                        {product} {ergonomic}
   size_t InitialHeapSize                          = 123731968                                 {product} {ergonomic}
   size_t MarkStackSize                            = 4194304                                   {product} {ergonomic}
   size_t MaxHeapSize                              = 1979711488                                {product} {ergonomic}
   size_t MaxNewSize                               = 1186988032                                {product} {ergonomic}
   size_t MinHeapDeltaBytes                        = 1048576                                   {product} {ergonomic}
    uintx NonNMethodCodeHeapSize                   = 7594288                                {pd product} {ergonomic}
    uintx NonProfiledCodeHeapSize                  = 122031976                              {pd product} {ergonomic}
    uintx ProfiledCodeHeapSize                     = 122031976                              {pd product} {ergonomic}
    uintx ReservedCodeCacheSize                    = 251658240                              {pd product} {ergonomic}
     bool SegmentedCodeCache                       = true                                      {product} {ergonomic}
     bool UseCompressedClassPointers               = true                                 {lp64_product} {ergonomic}
     bool UseCompressedOops                        = true                                 {lp64_product} {ergonomic}
     bool UseG1GC                                  = true                                      {product} {ergonomic}
     bool UseLargePagesIndividualAllocation        = false                                  {pd product} {ergonomic}

Logging:
Log output configuration:
 #0: stdout all=warning uptime,level,tags
 #1: stderr all=off uptime,level,tags

Environment Variables:
PATH=C:\Python310\Scripts\;C:\Python310\;C:\Program Files\AdoptOpenJDK\jdk-11.0.11.9-hotspot\bin;C:\Windows\system32;C:\Windows;C:\Windows\System32\Wbem;C:\Windows\System32\WindowsPowerShell\v1.0\;C:\Windows\System32\OpenSSH\;C:\Program Files (x86)\NVIDIA Corporation\PhysX\Common;C:\Program Files\NVIDIA Corporation\NVIDIA NvDLISR;c:\users\divya\appdata\local\packages\pythonsoftwarefoundation.python.3.9_qbz5n2kfra8p0\localcache\local-packages\python39\site-packages;C:\ProgramData\chocolatey\bin;C:\WINDOWS\system32;C:\WINDOWS;C:\WINDOWS\System32\Wbem;C:\WINDOWS\System32\WindowsPowerShell\v1.0\;C:\WINDOWS\System32\OpenSSH\;C:\Program Files\Git\cmd;C:\Program Files\nodejs\;C:\Program Files\MySQL\MySQL Shell 8.0\bin\;C:\Users\divya\AppData\Local\Microsoft\WindowsApps;C:\Users\divya\AppData\Local\Programs\Microsoft VS Code\bin;c:\users\divya\appdata\local\packages\pythonsoftwarefoundation.python.3.9_qbz5n2kfra8p0\localcache\local-packages\python39\site-packages;C:\Program Files\JetBrains\IntelliJ IDEA Community Edition 2021.2\bin;;C:\Program Files\Tesseract-OCR;C:\Users\divya\AppData\Roaming\npm
USERNAME=divya
OS=Windows_NT
PROCESSOR_IDENTIFIER=AMD64 Family 23 Model 96 Stepping 1, AuthenticAMD



---------------  S Y S T E M  ---------------

OS: Windows 10 , 64 bit Build 22000 (10.0.22000.708)
OS uptime: 10 days 11:53 hours

CPU:total 16 (initial active 16) (16 cores per cpu, 2 threads per core) family 23 model 96 stepping 1 microcode 0x0, cmov, cx8, fxsr, mmx, sse, sse2, sse3, ssse3, sse4.1, sse4.2, popcnt, avx, avx2, aes, clmul, mmxext, 3dnowpref, lzcnt, sse4a, ht, tsc, tscinvbit, tscinv, bmi1, bmi2, adx, 

Memory: 4k page, system-wide physical 7549M (447M free)
TotalPageFile size 31101M (AvailPageFile size 261M)
current process WorkingSet (physical memory assigned to process): 76M, peak: 282M
current process commit charge ("private bytes"): 362M, peak: 383M

vm_info: OpenJDK 64-Bit Server VM (11.0.11+9) for windows-amd64 JRE (11.0.11+9), built on Apr 20 2021 21:22:09 by "" with MS VC++ 15.9 (VS2017)

END.
