#
# There is insufficient memory for the Java Runtime Environment to continue.
# Native memory allocation (malloc) failed to allocate 1432496 bytes for Chunk::new
# Possible reasons:
#   The system is out of physical RAM or swap space
#   The process is running with CompressedOops enabled, and the Java Heap may be blocking the growth of the native heap
# Possible solutions:
#   Reduce memory load on the system
#   Increase physical memory or swap space
#   Check if swap backing store is full
#   Decrease Java heap size (-Xmx/-Xms)
#   Decrease number of Java threads
#   Decrease Java thread stack sizes (-Xss)
#   Set larger code cache with -XX:ReservedCodeCacheSize=
#   JVM is running with Unscaled Compressed Oops mode in which the Java heap is
#     placed in the first 4GB address space. The Java Heap base address is the
#     maximum limit for the native heap growth. Please use -XX:HeapBaseMinAddress
#     to set the Java Heap base and to place the Java Heap above 4GB virtual address.
# This output file may be truncated or incomplete.
#
#  Out of Memory Error (./src/hotspot/share/memory/arena.cpp:197), pid=23752, tid=80612
#
# JRE version: OpenJDK Runtime Environment AdoptOpenJDK-11.0.11+9 (11.0.11+9) (build 11.0.11+9)
# Java VM: OpenJDK 64-Bit Server VM AdoptOpenJDK-11.0.11+9 (11.0.11+9, mixed mode, tiered, compressed oops, g1 gc, windows-amd64)
# No core dump will be written. Minidumps are not enabled by default on client versions of Windows
#

---------------  S U M M A R Y ------------

Command Line: -javaagent:C:\Program Files\JetBrains\IntelliJ IDEA Community Edition 2021.2\lib\idea_rt.jar=50763:C:\Program Files\JetBrains\IntelliJ IDEA Community Edition 2021.2\bin -Dfile.encoding=UTF-8 com.project.CreditCardServiceApplication

Host: AMD Ryzen 7 4800H with Radeon Graphics         , 16 cores, 7G,  Windows 10 , 64 bit Build 22000 (10.0.22000.708)
Time: Fri Oct 14 16:21:02 2022 India Standard Time elapsed time: 9.621503 seconds (0d 0h 0m 9s)

---------------  T H R E A D  ---------------

Current thread (0x000002941813a800):  JavaThread "C2 CompilerThread1" daemon [_thread_in_native, id=80612, stack(0x000000b964f00000,0x000000b965000000)]


Current CompileTask:
C2:   9621 5487       4       org.springframework.core.annotation.TypeMappedAnnotations$MergedAnnotationFinder::doWithAnnotations (75 bytes)

Stack: [0x000000b964f00000,0x000000b965000000]
Native frames: (J=compiled Java code, j=interpreted, Vv=VM code, C=native code)
V  [jvm.dll+0x5f7e5a]
V  [jvm.dll+0x77ff2e]
V  [jvm.dll+0x7815ff]
V  [jvm.dll+0x781cc3]
V  [jvm.dll+0x247408]
V  [jvm.dll+0xbe69c]
V  [jvm.dll+0xbed9c]
V  [jvm.dll+0x34cb47]
V  [jvm.dll+0x1990e9]
V  [jvm.dll+0x200e92]
V  [jvm.dll+0x1fff6f]
V  [jvm.dll+0x184f1c]
V  [jvm.dll+0x20f3e7]
V  [jvm.dll+0x20d5cb]
V  [jvm.dll+0x7442f9]
V  [jvm.dll+0x73d364]
V  [jvm.dll+0x5f6cd6]
C  [ucrtbase.dll+0x26c0c]
C  [KERNEL32.DLL+0x154e0]
C  [ntdll.dll+0x485b]


---------------  P R O C E S S  ---------------

Threads class SMR info:
_java_thread_list=0x000002941451b0d0, length=20, elements={
0x0000029472e58800, 0x0000029412dab800, 0x0000029412dd9000, 0x0000029412e2d800,
0x0000029412e2f800, 0x0000029412e30800, 0x0000029412e34800, 0x0000029412e39000,
0x0000029412e53000, 0x000002947ef84800, 0x0000029412fb1000, 0x0000029412fb2800,
0x00000294134fe800, 0x000002941813a800, 0x0000029415e91000, 0x0000029413cf6800,
0x0000029414a8d000, 0x0000029414a8e000, 0x0000029415cd3000, 0x00000294146cc800
}

Java Threads: ( => current thread )
  0x0000029472e58800 JavaThread "main" [_thread_in_vm, id=93816, stack(0x000000b963a00000,0x000000b963b00000)]
  0x0000029412dab800 JavaThread "Reference Handler" daemon [_thread_blocked, id=94284, stack(0x000000b964100000,0x000000b964200000)]
  0x0000029412dd9000 JavaThread "Finalizer" daemon [_thread_blocked, id=15856, stack(0x000000b964200000,0x000000b964300000)]
  0x0000029412e2d800 JavaThread "Signal Dispatcher" daemon [_thread_blocked, id=21508, stack(0x000000b964300000,0x000000b964400000)]
  0x0000029412e2f800 JavaThread "Attach Listener" daemon [_thread_blocked, id=74660, stack(0x000000b964400000,0x000000b964500000)]
  0x0000029412e30800 JavaThread "Service Thread" daemon [_thread_blocked, id=78632, stack(0x000000b964500000,0x000000b964600000)]
  0x0000029412e34800 JavaThread "C2 CompilerThread0" daemon [_thread_in_native, id=39460, stack(0x000000b964600000,0x000000b964700000)]
  0x0000029412e39000 JavaThread "C1 CompilerThread0" daemon [_thread_blocked, id=19208, stack(0x000000b964700000,0x000000b964800000)]
  0x0000029412e53000 JavaThread "Sweeper thread" daemon [_thread_blocked, id=44828, stack(0x000000b964800000,0x000000b964900000)]
  0x000002947ef84800 JavaThread "Common-Cleaner" daemon [_thread_blocked, id=85556, stack(0x000000b964900000,0x000000b964a00000)]
  0x0000029412fb1000 JavaThread "C1 CompilerThread1" daemon [_thread_blocked, id=70544, stack(0x000000b964a00000,0x000000b964b00000)]
  0x0000029412fb2800 JavaThread "C1 CompilerThread2" daemon [_thread_in_vm, id=7732, stack(0x000000b964b00000,0x000000b964c00000)]
  0x00000294134fe800 JavaThread "Monitor Ctrl-Break" daemon [_thread_in_native, id=96176, stack(0x000000b964c00000,0x000000b964d00000)]
=>0x000002941813a800 JavaThread "C2 CompilerThread1" daemon [_thread_in_native, id=80612, stack(0x000000b964f00000,0x000000b965000000)]
  0x0000029415e91000 JavaThread "Catalina-utility-1" [_thread_blocked, id=30532, stack(0x000000b965000000,0x000000b965100000)]
  0x0000029413cf6800 JavaThread "Catalina-utility-2" [_thread_blocked, id=94392, stack(0x000000b965500000,0x000000b965600000)]
  0x0000029414a8d000 JavaThread "container-0" [_thread_blocked, id=27180, stack(0x000000b965600000,0x000000b965700000)]
  0x0000029414a8e000 JavaThread "mysql-cj-abandoned-connection-cleanup" daemon [_thread_blocked, id=18256, stack(0x000000b965700000,0x000000b965800000)]
  0x0000029415cd3000 JavaThread "HikariPool-1 housekeeper" daemon [_thread_blocked, id=101192, stack(0x000000b965d00000,0x000000b965e00000)]
  0x00000294146cc800 JavaThread "HikariPool-1 connection adder" daemon [_thread_blocked, id=69092, stack(0x000000b965e00000,0x000000b965f00000)]

Other Threads:
  0x0000029412da8800 VMThread "VM Thread" [stack: 0x000000b964000000,0x000000b964100000] [id=81420]
  0x00000294134ff000 WatcherThread [stack: 0x000000b964d00000,0x000000b964e00000] [id=91460]
  0x0000029472e74000 GCTaskThread "GC Thread#0" [stack: 0x000000b963b00000,0x000000b963c00000] [id=37944]
  0x0000029413f65000 GCTaskThread "GC Thread#1" [stack: 0x000000b964e00000,0x000000b964f00000] [id=70032]
  0x0000029414266000 GCTaskThread "GC Thread#2" [stack: 0x000000b965100000,0x000000b965200000] [id=100476]
  0x0000029414266800 GCTaskThread "GC Thread#3" [stack: 0x000000b965200000,0x000000b965300000] [id=54764]
  0x0000029418302800 GCTaskThread "GC Thread#4" [stack: 0x000000b965800000,0x000000b965900000] [id=68020]
  0x0000029416526800 GCTaskThread "GC Thread#5" [stack: 0x000000b965900000,0x000000b965a00000] [id=23776]
  0x0000029417dcf800 GCTaskThread "GC Thread#6" [stack: 0x000000b965a00000,0x000000b965b00000] [id=27292]
  0x0000029413606000 GCTaskThread "GC Thread#7" [stack: 0x000000b965b00000,0x000000b965c00000] [id=80164]
  0x0000029472ea4000 ConcurrentGCThread "G1 Main Marker" [stack: 0x000000b963c00000,0x000000b963d00000] [id=37544]
  0x0000029472ea6000 ConcurrentGCThread "G1 Conc#0" [stack: 0x000000b963d00000,0x000000b963e00000] [id=82512]
  0x0000029413f2f800 ConcurrentGCThread "G1 Conc#1" [stack: 0x000000b965300000,0x000000b965400000] [id=62804]
  0x000002941428f000 ConcurrentGCThread "G1 Conc#2" [stack: 0x000000b965400000,0x000000b965500000] [id=18568]
  0x000002947ee2c800 ConcurrentGCThread "G1 Refine#0" [stack: 0x000000b963e00000,0x000000b963f00000] [id=77572]
  0x000002947ee2f000 ConcurrentGCThread "G1 Young RemSet Sampling" [stack: 0x000000b963f00000,0x000000b964000000] [id=94876]

Threads with active compile tasks:
C2 CompilerThread0   9666 5486       4       org.springframework.core.annotation.TypeMappedAnnotations$MergedAnnotationFinder::doWithAnnotations (10 bytes)
C2 CompilerThread1   9666 5487       4       org.springframework.core.annotation.TypeMappedAnnotations$MergedAnnotationFinder::doWithAnnotations (75 bytes)

VM state:not at safepoint (normal execution)

VM Mutex/Monitor currently owned by a thread: None

Heap address: 0x000000008a000000, size: 1888 MB, Compressed Oops mode: 32-bit
Narrow klass base: 0x0000000000000000, Narrow klass shift: 3
Compressed class space size: 1073741824 Address: 0x0000000100000000

Heap:
 garbage-first heap   total 145408K, used 87755K [0x000000008a000000, 0x0000000100000000)
  region size 1024K, 73 young (74752K), 9 survivors (9216K)
 Metaspace       used 66935K, capacity 68665K, committed 68736K, reserved 1107968K
  class space    used 8571K, capacity 9282K, committed 9344K, reserved 1048576K
Heap Regions: E=young(eden), S=young(survivor), O=old, HS=humongous(starts), HC=humongous(continues), CS=collection set, F=free, A=archive, TAMS=top-at-mark-start (previous, next)
|   0|0x000000008a000000, 0x000000008a100000, 0x000000008a100000|100%|HS|  |TAMS 0x000000008a100000, 0x000000008a000000| Complete 
|   1|0x000000008a100000, 0x000000008a200000, 0x000000008a200000|100%| O|  |TAMS 0x000000008a200000, 0x000000008a100000| Untracked 
|   2|0x000000008a200000, 0x000000008a300000, 0x000000008a300000|100%| O|  |TAMS 0x000000008a300000, 0x000000008a200000| Untracked 
|   3|0x000000008a300000, 0x000000008a400000, 0x000000008a400000|100%| O|  |TAMS 0x000000008a400000, 0x000000008a300000| Untracked 
|   4|0x000000008a400000, 0x000000008a500000, 0x000000008a500000|100%| O|  |TAMS 0x000000008a500000, 0x000000008a400000| Untracked 
|   5|0x000000008a500000, 0x000000008a600000, 0x000000008a600000|100%| O|  |TAMS 0x000000008a600000, 0x000000008a500000| Untracked 
|   6|0x000000008a600000, 0x000000008a700000, 0x000000008a700000|100%| O|  |TAMS 0x000000008a700000, 0x000000008a600000| Untracked 
|   7|0x000000008a700000, 0x000000008a800000, 0x000000008a800000|100%| O|  |TAMS 0x000000008a800000, 0x000000008a700000| Untracked 
|   8|0x000000008a800000, 0x000000008a900000, 0x000000008a900000|100%| O|  |TAMS 0x000000008a900000, 0x000000008a800000| Untracked 
|   9|0x000000008a900000, 0x000000008aa00000, 0x000000008aa00000|100%| O|  |TAMS 0x000000008aa00000, 0x000000008a900000| Untracked 
|  10|0x000000008aa00000, 0x000000008aa00000, 0x000000008ab00000|  0%| F|  |TAMS 0x000000008aa00000, 0x000000008aa00000| Untracked 
|  11|0x000000008ab00000, 0x000000008ac00000, 0x000000008ac00000|100%| O|  |TAMS 0x000000008ac00000, 0x000000008ab00000| Untracked 
|  12|0x000000008ac00000, 0x000000008ad00000, 0x000000008ad00000|100%| O|  |TAMS 0x000000008ad00000, 0x000000008ac00000| Untracked 
|  13|0x000000008ad00000, 0x000000008ad00000, 0x000000008ae00000|  0%| F|  |TAMS 0x000000008ad00000, 0x000000008ad00000| Untracked 
|  14|0x000000008ae00000, 0x000000008af00000, 0x000000008af00000|100%| O|  |TAMS 0x000000008af00000, 0x000000008ae00000| Untracked 
|  15|0x000000008af00000, 0x000000008afcfa00, 0x000000008b000000| 81%| O|  |TAMS 0x000000008afcfa00, 0x000000008af00000| Untracked 
|  16|0x000000008b000000, 0x000000008b000000, 0x000000008b100000|  0%| F|  |TAMS 0x000000008b000000, 0x000000008b000000| Untracked 
|  17|0x000000008b100000, 0x000000008b100000, 0x000000008b200000|  0%| F|  |TAMS 0x000000008b100000, 0x000000008b100000| Untracked 
|  18|0x000000008b200000, 0x000000008b200000, 0x000000008b300000|  0%| F|  |TAMS 0x000000008b200000, 0x000000008b200000| Untracked 
|  19|0x000000008b300000, 0x000000008b300000, 0x000000008b400000|  0%| F|  |TAMS 0x000000008b300000, 0x000000008b300000| Untracked 
|  20|0x000000008b400000, 0x000000008b400000, 0x000000008b500000|  0%| F|  |TAMS 0x000000008b400000, 0x000000008b400000| Untracked 
|  21|0x000000008b500000, 0x000000008b500000, 0x000000008b600000|  0%| F|  |TAMS 0x000000008b500000, 0x000000008b500000| Untracked 
|  22|0x000000008b600000, 0x000000008b600000, 0x000000008b700000|  0%| F|  |TAMS 0x000000008b600000, 0x000000008b600000| Untracked 
|  23|0x000000008b700000, 0x000000008b700000, 0x000000008b800000|  0%| F|  |TAMS 0x000000008b700000, 0x000000008b700000| Untracked 
|  24|0x000000008b800000, 0x000000008b800000, 0x000000008b900000|  0%| F|  |TAMS 0x000000008b800000, 0x000000008b800000| Untracked 
|  25|0x000000008b900000, 0x000000008b900000, 0x000000008ba00000|  0%| F|  |TAMS 0x000000008b900000, 0x000000008b900000| Untracked 
|  26|0x000000008ba00000, 0x000000008ba00000, 0x000000008bb00000|  0%| F|  |TAMS 0x000000008ba00000, 0x000000008ba00000| Untracked 
|  27|0x000000008bb00000, 0x000000008bb00000, 0x000000008bc00000|  0%| F|  |TAMS 0x000000008bb00000, 0x000000008bb00000| Untracked 
|  28|0x000000008bc00000, 0x000000008bc00000, 0x000000008bd00000|  0%| F|  |TAMS 0x000000008bc00000, 0x000000008bc00000| Untracked 
|  29|0x000000008bd00000, 0x000000008bd00000, 0x000000008be00000|  0%| F|  |TAMS 0x000000008bd00000, 0x000000008bd00000| Untracked 
|  30|0x000000008be00000, 0x000000008be00000, 0x000000008bf00000|  0%| F|  |TAMS 0x000000008be00000, 0x000000008be00000| Untracked 
|  31|0x000000008bf00000, 0x000000008bf00000, 0x000000008c000000|  0%| F|  |TAMS 0x000000008bf00000, 0x000000008bf00000| Untracked 
|  32|0x000000008c000000, 0x000000008c000000, 0x000000008c100000|  0%| F|  |TAMS 0x000000008c000000, 0x000000008c000000| Untracked 
|  33|0x000000008c100000, 0x000000008c100000, 0x000000008c200000|  0%| F|  |TAMS 0x000000008c100000, 0x000000008c100000| Untracked 
|  34|0x000000008c200000, 0x000000008c200000, 0x000000008c300000|  0%| F|  |TAMS 0x000000008c200000, 0x000000008c200000| Untracked 
|  35|0x000000008c300000, 0x000000008c300000, 0x000000008c400000|  0%| F|  |TAMS 0x000000008c300000, 0x000000008c300000| Untracked 
|  36|0x000000008c400000, 0x000000008c400000, 0x000000008c500000|  0%| F|  |TAMS 0x000000008c400000, 0x000000008c400000| Untracked 
|  37|0x000000008c500000, 0x000000008c500000, 0x000000008c600000|  0%| F|  |TAMS 0x000000008c500000, 0x000000008c500000| Untracked 
|  38|0x000000008c600000, 0x000000008c600000, 0x000000008c700000|  0%| F|  |TAMS 0x000000008c600000, 0x000000008c600000| Untracked 
|  39|0x000000008c700000, 0x000000008c700000, 0x000000008c800000|  0%| F|  |TAMS 0x000000008c700000, 0x000000008c700000| Untracked 
|  40|0x000000008c800000, 0x000000008c800000, 0x000000008c900000|  0%| F|  |TAMS 0x000000008c800000, 0x000000008c800000| Untracked 
|  41|0x000000008c900000, 0x000000008c900000, 0x000000008ca00000|  0%| F|  |TAMS 0x000000008c900000, 0x000000008c900000| Untracked 
|  42|0x000000008ca00000, 0x000000008ca00000, 0x000000008cb00000|  0%| F|  |TAMS 0x000000008ca00000, 0x000000008ca00000| Untracked 
|  43|0x000000008cb00000, 0x000000008cb00000, 0x000000008cc00000|  0%| F|  |TAMS 0x000000008cb00000, 0x000000008cb00000| Untracked 
|  44|0x000000008cc00000, 0x000000008cc00000, 0x000000008cd00000|  0%| F|  |TAMS 0x000000008cc00000, 0x000000008cc00000| Untracked 
|  45|0x000000008cd00000, 0x000000008cd00000, 0x000000008ce00000|  0%| F|  |TAMS 0x000000008cd00000, 0x000000008cd00000| Untracked 
|  46|0x000000008ce00000, 0x000000008ce00000, 0x000000008cf00000|  0%| F|  |TAMS 0x000000008ce00000, 0x000000008ce00000| Untracked 
|  47|0x000000008cf00000, 0x000000008cf00000, 0x000000008d000000|  0%| F|  |TAMS 0x000000008cf00000, 0x000000008cf00000| Untracked 
|  48|0x000000008d000000, 0x000000008d000000, 0x000000008d100000|  0%| F|  |TAMS 0x000000008d000000, 0x000000008d000000| Untracked 
|  49|0x000000008d100000, 0x000000008d100000, 0x000000008d200000|  0%| F|  |TAMS 0x000000008d100000, 0x000000008d100000| Untracked 
|  50|0x000000008d200000, 0x000000008d200000, 0x000000008d300000|  0%| F|  |TAMS 0x000000008d200000, 0x000000008d200000| Untracked 
|  51|0x000000008d300000, 0x000000008d300000, 0x000000008d400000|  0%| F|  |TAMS 0x000000008d300000, 0x000000008d300000| Untracked 
|  52|0x000000008d400000, 0x000000008d400000, 0x000000008d500000|  0%| F|  |TAMS 0x000000008d400000, 0x000000008d400000| Untracked 
|  53|0x000000008d500000, 0x000000008d500000, 0x000000008d600000|  0%| F|  |TAMS 0x000000008d500000, 0x000000008d500000| Untracked 
|  54|0x000000008d600000, 0x000000008d600000, 0x000000008d700000|  0%| F|  |TAMS 0x000000008d600000, 0x000000008d600000| Untracked 
|  55|0x000000008d700000, 0x000000008d700000, 0x000000008d800000|  0%| F|  |TAMS 0x000000008d700000, 0x000000008d700000| Untracked 
|  56|0x000000008d800000, 0x000000008d800000, 0x000000008d900000|  0%| F|  |TAMS 0x000000008d800000, 0x000000008d800000| Untracked 
|  57|0x000000008d900000, 0x000000008d900000, 0x000000008da00000|  0%| F|  |TAMS 0x000000008d900000, 0x000000008d900000| Untracked 
|  58|0x000000008da00000, 0x000000008da00000, 0x000000008db00000|  0%| F|  |TAMS 0x000000008da00000, 0x000000008da00000| Untracked 
|  59|0x000000008db00000, 0x000000008db00000, 0x000000008dc00000|  0%| F|  |TAMS 0x000000008db00000, 0x000000008db00000| Untracked 
|  60|0x000000008dc00000, 0x000000008dc00000, 0x000000008dd00000|  0%| F|  |TAMS 0x000000008dc00000, 0x000000008dc00000| Untracked 
|  61|0x000000008dd00000, 0x000000008dd00000, 0x000000008de00000|  0%| F|  |TAMS 0x000000008dd00000, 0x000000008dd00000| Untracked 
|  62|0x000000008de00000, 0x000000008de00000, 0x000000008df00000|  0%| F|  |TAMS 0x000000008de00000, 0x000000008de00000| Untracked 
|  63|0x000000008df00000, 0x000000008df00000, 0x000000008e000000|  0%| F|  |TAMS 0x000000008df00000, 0x000000008df00000| Untracked 
|  64|0x000000008e000000, 0x000000008e000000, 0x000000008e100000|  0%| F|  |TAMS 0x000000008e000000, 0x000000008e000000| Untracked 
|  65|0x000000008e100000, 0x000000008e100000, 0x000000008e200000|  0%| F|  |TAMS 0x000000008e100000, 0x000000008e100000| Untracked 
|  66|0x000000008e200000, 0x000000008e200000, 0x000000008e300000|  0%| F|  |TAMS 0x000000008e200000, 0x000000008e200000| Untracked 
|  67|0x000000008e300000, 0x000000008e300000, 0x000000008e400000|  0%| F|  |TAMS 0x000000008e300000, 0x000000008e300000| Untracked 
|  68|0x000000008e400000, 0x000000008e400000, 0x000000008e500000|  0%| F|  |TAMS 0x000000008e400000, 0x000000008e400000| Untracked 
|  69|0x000000008e500000, 0x000000008e600000, 0x000000008e600000|100%| E|  |TAMS 0x000000008e500000, 0x000000008e500000| Complete 
|  70|0x000000008e600000, 0x000000008e700000, 0x000000008e700000|100%| E|CS|TAMS 0x000000008e600000, 0x000000008e600000| Complete 
|  71|0x000000008e700000, 0x000000008e800000, 0x000000008e800000|100%| E|CS|TAMS 0x000000008e700000, 0x000000008e700000| Complete 
|  72|0x000000008e800000, 0x000000008e900000, 0x000000008e900000|100%| E|CS|TAMS 0x000000008e800000, 0x000000008e800000| Complete 
|  73|0x000000008e900000, 0x000000008ea00000, 0x000000008ea00000|100%| E|CS|TAMS 0x000000008e900000, 0x000000008e900000| Complete 
|  74|0x000000008ea00000, 0x000000008eae33d8, 0x000000008eb00000| 88%| S|CS|TAMS 0x000000008ea00000, 0x000000008ea00000| Complete 
|  75|0x000000008eb00000, 0x000000008ec00000, 0x000000008ec00000|100%| S|CS|TAMS 0x000000008eb00000, 0x000000008eb00000| Complete 
|  76|0x000000008ec00000, 0x000000008ed00000, 0x000000008ed00000|100%| S|CS|TAMS 0x000000008ec00000, 0x000000008ec00000| Complete 
|  77|0x000000008ed00000, 0x000000008ee00000, 0x000000008ee00000|100%| S|CS|TAMS 0x000000008ed00000, 0x000000008ed00000| Complete 
|  78|0x000000008ee00000, 0x000000008ef00000, 0x000000008ef00000|100%| S|CS|TAMS 0x000000008ee00000, 0x000000008ee00000| Complete 
|  79|0x000000008ef00000, 0x000000008f000000, 0x000000008f000000|100%| S|CS|TAMS 0x000000008ef00000, 0x000000008ef00000| Complete 
|  80|0x000000008f000000, 0x000000008f100000, 0x000000008f100000|100%| S|CS|TAMS 0x000000008f000000, 0x000000008f000000| Complete 
|  81|0x000000008f100000, 0x000000008f200000, 0x000000008f200000|100%| S|CS|TAMS 0x000000008f100000, 0x000000008f100000| Complete 
|  82|0x000000008f200000, 0x000000008f300000, 0x000000008f300000|100%| S|CS|TAMS 0x000000008f200000, 0x000000008f200000| Complete 
|  83|0x000000008f300000, 0x000000008f400000, 0x000000008f400000|100%| E|CS|TAMS 0x000000008f300000, 0x000000008f300000| Complete 
|  84|0x000000008f400000, 0x000000008f500000, 0x000000008f500000|100%| E|CS|TAMS 0x000000008f400000, 0x000000008f400000| Complete 
|  85|0x000000008f500000, 0x000000008f600000, 0x000000008f600000|100%| E|CS|TAMS 0x000000008f500000, 0x000000008f500000| Complete 
|  86|0x000000008f600000, 0x000000008f700000, 0x000000008f700000|100%| E|CS|TAMS 0x000000008f600000, 0x000000008f600000| Complete 
|  87|0x000000008f700000, 0x000000008f800000, 0x000000008f800000|100%| E|CS|TAMS 0x000000008f700000, 0x000000008f700000| Complete 
|  88|0x000000008f800000, 0x000000008f900000, 0x000000008f900000|100%| E|CS|TAMS 0x000000008f800000, 0x000000008f800000| Complete 
|  89|0x000000008f900000, 0x000000008fa00000, 0x000000008fa00000|100%| E|CS|TAMS 0x000000008f900000, 0x000000008f900000| Complete 
|  90|0x000000008fa00000, 0x000000008fb00000, 0x000000008fb00000|100%| E|CS|TAMS 0x000000008fa00000, 0x000000008fa00000| Complete 
|  91|0x000000008fb00000, 0x000000008fc00000, 0x000000008fc00000|100%| E|CS|TAMS 0x000000008fb00000, 0x000000008fb00000| Complete 
|  92|0x000000008fc00000, 0x000000008fd00000, 0x000000008fd00000|100%| E|CS|TAMS 0x000000008fc00000, 0x000000008fc00000| Complete 
|  93|0x000000008fd00000, 0x000000008fe00000, 0x000000008fe00000|100%| E|CS|TAMS 0x000000008fd00000, 0x000000008fd00000| Complete 
|  94|0x000000008fe00000, 0x000000008ff00000, 0x000000008ff00000|100%| E|CS|TAMS 0x000000008fe00000, 0x000000008fe00000| Complete 
|  95|0x000000008ff00000, 0x0000000090000000, 0x0000000090000000|100%| E|CS|TAMS 0x000000008ff00000, 0x000000008ff00000| Complete 
|  96|0x0000000090000000, 0x0000000090100000, 0x0000000090100000|100%| E|CS|TAMS 0x0000000090000000, 0x0000000090000000| Complete 
|  97|0x0000000090100000, 0x0000000090200000, 0x0000000090200000|100%| E|CS|TAMS 0x0000000090100000, 0x0000000090100000| Complete 
|  98|0x0000000090200000, 0x0000000090300000, 0x0000000090300000|100%| E|CS|TAMS 0x0000000090200000, 0x0000000090200000| Complete 
|  99|0x0000000090300000, 0x0000000090400000, 0x0000000090400000|100%| E|CS|TAMS 0x0000000090300000, 0x0000000090300000| Complete 
| 100|0x0000000090400000, 0x0000000090500000, 0x0000000090500000|100%| E|CS|TAMS 0x0000000090400000, 0x0000000090400000| Complete 
| 101|0x0000000090500000, 0x0000000090600000, 0x0000000090600000|100%| E|CS|TAMS 0x0000000090500000, 0x0000000090500000| Complete 
| 102|0x0000000090600000, 0x0000000090700000, 0x0000000090700000|100%| E|CS|TAMS 0x0000000090600000, 0x0000000090600000| Complete 
| 103|0x0000000090700000, 0x0000000090800000, 0x0000000090800000|100%| E|CS|TAMS 0x0000000090700000, 0x0000000090700000| Complete 
| 104|0x0000000090800000, 0x0000000090900000, 0x0000000090900000|100%| E|CS|TAMS 0x0000000090800000, 0x0000000090800000| Complete 
| 105|0x0000000090900000, 0x0000000090a00000, 0x0000000090a00000|100%| E|CS|TAMS 0x0000000090900000, 0x0000000090900000| Complete 
| 106|0x0000000090a00000, 0x0000000090b00000, 0x0000000090b00000|100%| E|CS|TAMS 0x0000000090a00000, 0x0000000090a00000| Complete 
| 107|0x0000000090b00000, 0x0000000090c00000, 0x0000000090c00000|100%| E|CS|TAMS 0x0000000090b00000, 0x0000000090b00000| Complete 
| 108|0x0000000090c00000, 0x0000000090d00000, 0x0000000090d00000|100%| E|CS|TAMS 0x0000000090c00000, 0x0000000090c00000| Complete 
| 109|0x0000000090d00000, 0x0000000090e00000, 0x0000000090e00000|100%| E|CS|TAMS 0x0000000090d00000, 0x0000000090d00000| Complete 
| 110|0x0000000090e00000, 0x0000000090f00000, 0x0000000090f00000|100%| E|CS|TAMS 0x0000000090e00000, 0x0000000090e00000| Complete 
| 111|0x0000000090f00000, 0x0000000091000000, 0x0000000091000000|100%| E|CS|TAMS 0x0000000090f00000, 0x0000000090f00000| Complete 
| 112|0x0000000091000000, 0x0000000091100000, 0x0000000091100000|100%| E|CS|TAMS 0x0000000091000000, 0x0000000091000000| Complete 
| 113|0x0000000091100000, 0x0000000091200000, 0x0000000091200000|100%| E|CS|TAMS 0x0000000091100000, 0x0000000091100000| Complete 
| 114|0x0000000091200000, 0x0000000091300000, 0x0000000091300000|100%| E|CS|TAMS 0x0000000091200000, 0x0000000091200000| Complete 
| 115|0x0000000091300000, 0x0000000091400000, 0x0000000091400000|100%| E|CS|TAMS 0x0000000091300000, 0x0000000091300000| Complete 
| 116|0x0000000091400000, 0x0000000091500000, 0x0000000091500000|100%| E|CS|TAMS 0x0000000091400000, 0x0000000091400000| Complete 
| 117|0x0000000091500000, 0x0000000091600000, 0x0000000091600000|100%| E|CS|TAMS 0x0000000091500000, 0x0000000091500000| Complete 
| 118|0x0000000091600000, 0x0000000091700000, 0x0000000091700000|100%| E|CS|TAMS 0x0000000091600000, 0x0000000091600000| Complete 
| 119|0x0000000091700000, 0x0000000091800000, 0x0000000091800000|100%| E|CS|TAMS 0x0000000091700000, 0x0000000091700000| Complete 
| 120|0x0000000091800000, 0x0000000091900000, 0x0000000091900000|100%| E|CS|TAMS 0x0000000091800000, 0x0000000091800000| Complete 
| 121|0x0000000091900000, 0x0000000091a00000, 0x0000000091a00000|100%| E|CS|TAMS 0x0000000091900000, 0x0000000091900000| Complete 
| 122|0x0000000091a00000, 0x0000000091b00000, 0x0000000091b00000|100%| E|CS|TAMS 0x0000000091a00000, 0x0000000091a00000| Complete 
| 123|0x0000000091b00000, 0x0000000091c00000, 0x0000000091c00000|100%| E|CS|TAMS 0x0000000091b00000, 0x0000000091b00000| Complete 
| 124|0x0000000091c00000, 0x0000000091d00000, 0x0000000091d00000|100%| E|CS|TAMS 0x0000000091c00000, 0x0000000091c00000| Complete 
| 125|0x0000000091d00000, 0x0000000091e00000, 0x0000000091e00000|100%| E|CS|TAMS 0x0000000091d00000, 0x0000000091d00000| Complete 
| 126|0x0000000091e00000, 0x0000000091f00000, 0x0000000091f00000|100%| E|CS|TAMS 0x0000000091e00000, 0x0000000091e00000| Complete 
| 127|0x0000000091f00000, 0x0000000092000000, 0x0000000092000000|100%| E|CS|TAMS 0x0000000091f00000, 0x0000000091f00000| Complete 
| 128|0x0000000092000000, 0x0000000092100000, 0x0000000092100000|100%| E|CS|TAMS 0x0000000092000000, 0x0000000092000000| Complete 
| 129|0x0000000092100000, 0x0000000092200000, 0x0000000092200000|100%| E|CS|TAMS 0x0000000092100000, 0x0000000092100000| Complete 
| 130|0x0000000092200000, 0x0000000092300000, 0x0000000092300000|100%| E|CS|TAMS 0x0000000092200000, 0x0000000092200000| Complete 
| 131|0x0000000092300000, 0x0000000092400000, 0x0000000092400000|100%| E|CS|TAMS 0x0000000092300000, 0x0000000092300000| Complete 
| 132|0x0000000092400000, 0x0000000092500000, 0x0000000092500000|100%| E|CS|TAMS 0x0000000092400000, 0x0000000092400000| Complete 
| 133|0x0000000092500000, 0x0000000092600000, 0x0000000092600000|100%| E|CS|TAMS 0x0000000092500000, 0x0000000092500000| Complete 
| 134|0x0000000092600000, 0x0000000092700000, 0x0000000092700000|100%| E|CS|TAMS 0x0000000092600000, 0x0000000092600000| Complete 
| 135|0x0000000092700000, 0x0000000092800000, 0x0000000092800000|100%| E|CS|TAMS 0x0000000092700000, 0x0000000092700000| Complete 
| 136|0x0000000092800000, 0x0000000092900000, 0x0000000092900000|100%| E|CS|TAMS 0x0000000092800000, 0x0000000092800000| Complete 
| 137|0x0000000092900000, 0x0000000092a00000, 0x0000000092a00000|100%| E|CS|TAMS 0x0000000092900000, 0x0000000092900000| Complete 
| 138|0x0000000092a00000, 0x0000000092b00000, 0x0000000092b00000|100%| E|CS|TAMS 0x0000000092a00000, 0x0000000092a00000| Complete 
| 139|0x0000000092b00000, 0x0000000092c00000, 0x0000000092c00000|100%| E|CS|TAMS 0x0000000092b00000, 0x0000000092b00000| Complete 
| 140|0x0000000092c00000, 0x0000000092d00000, 0x0000000092d00000|100%| E|CS|TAMS 0x0000000092c00000, 0x0000000092c00000| Complete 
| 141|0x0000000092d00000, 0x0000000092e00000, 0x0000000092e00000|100%| E|CS|TAMS 0x0000000092d00000, 0x0000000092d00000| Complete 

Card table byte_map: [0x000002947c150000,0x000002947c500000] _byte_map_base: 0x000002947bd00000

Marking Bits (Prev, Next): (CMBitMap*) 0x0000029472e9a960, (CMBitMap*) 0x0000029472e9a928
 Prev Bits: [0x000002940f000000, 0x0000029410d80000)
 Next Bits: [0x000002947c8b0000, 0x000002947e630000)

Polling page: 0x0000029470cf0000

Metaspace:

Usage:
  Non-class:     58.00 MB capacity,    57.01 MB ( 98%) used,   791.12 KB (  1%) free+waste,   219.75 KB ( <1%) overhead. 
      Class:      9.06 MB capacity,     8.37 MB ( 92%) used,   603.99 KB (  7%) free+waste,   103.94 KB (  1%) overhead. 
       Both:     67.06 MB capacity,    65.38 MB ( 97%) used,     1.36 MB (  2%) free+waste,   323.69 KB ( <1%) overhead. 

Virtual space:
  Non-class space:       58.00 MB reserved,      58.00 MB (100%) committed 
      Class space:        1.00 GB reserved,       9.13 MB ( <1%) committed 
             Both:        1.06 GB reserved,      67.13 MB (  6%) committed 

Chunk freelists:
   Non-Class:  4.00 KB
       Class:  0 bytes
        Both:  4.00 KB

MaxMetaspaceSize: 17179869184.00 GB
CompressedClassSpaceSize: 1.00 GB

CodeHeap 'non-profiled nmethods': size=119168Kb used=3320Kb max_used=3320Kb free=115847Kb
 bounds [0x0000029407ba0000, 0x0000029407ee0000, 0x000002940f000000]
CodeHeap 'profiled nmethods': size=119168Kb used=13124Kb max_used=13124Kb free=106043Kb
 bounds [0x0000029400740000, 0x0000029401420000, 0x0000029407ba0000]
CodeHeap 'non-nmethods': size=7424Kb used=2340Kb max_used=2386Kb free=5083Kb
 bounds [0x0000029400000000, 0x0000029400270000, 0x0000029400740000]
 total_blobs=6110 nmethods=5524 adapters=495
 compilation: enabled
              stopped_count=0, restarted_count=0
 full_count=0

Compilation events (20 events):
Event: 9.602 Thread 0x0000029412e39000 nmethod 5563 0x00000294013e8e90 code [0x00000294013e9400, 0x00000294013ec4f8]
Event: 9.602 Thread 0x0000029412fb1000 nmethod 5566 0x00000294013ed610 code [0x00000294013ed900, 0x00000294013ee628]
Event: 9.608 Thread 0x0000029412fb2800 5567       3       org.springframework.beans.factory.support.AbstractBeanFactory::isActuallyInCreation (22 bytes)
Event: 9.608 Thread 0x0000029412e39000 5568   !   3       org.springframework.aop.aspectj.annotation.BeanFactoryAspectJAdvisorsBuilder::buildAspectJAdvisors (494 bytes)
Event: 9.608 Thread 0x0000029412fb1000 5569       1       org.springframework.transaction.interceptor.BeanFactoryTransactionAttributeSourceAdvisor::getPointcut (5 bytes)
Event: 9.608 Thread 0x0000029412fb1000 nmethod 5569 0x0000029407edd490 code [0x0000029407edd640, 0x0000029407edd6f8]
Event: 9.608 Thread 0x0000029412fb1000 5570       1       org.springframework.aop.support.StaticMethodMatcherPointcut::getClassFilter (5 bytes)
Event: 9.608 Thread 0x0000029412fb1000 nmethod 5570 0x0000029407edd790 code [0x0000029407edd940, 0x0000029407edd9f8]
Event: 9.608 Thread 0x0000029412fb2800 nmethod 5567 0x00000294013eea90 code [0x00000294013eec60, 0x00000294013ef058]
Event: 9.608 Thread 0x0000029412fb1000 5571       3       org.springframework.beans.factory.support.AbstractAutowireCapableBeanFactory::applyBeanPostProcessorsAfterInitialization (61 bytes)
Event: 9.608 Thread 0x0000029412fb2800 5572       1       org.springframework.beans.factory.annotation.InitDestroyAnnotationBeanPostProcessor$1::hasDestroyMethods (2 bytes)
Event: 9.608 Thread 0x0000029412fb2800 nmethod 5572 0x0000029407edda90 code [0x0000029407eddc40, 0x0000029407eddcf8]
Event: 9.608 Thread 0x0000029412fb2800 5573       3       org.springframework.aop.aspectj.autoproxy.AspectJAwareAdvisorAutoProxyCreator::shouldSkip (70 bytes)
Event: 9.608 Thread 0x0000029412fb1000 nmethod 5571 0x00000294013ef190 code [0x00000294013ef3a0, 0x00000294013efa58]
Event: 9.608 Thread 0x0000029412fb1000 5574       3       org.springframework.aop.framework.autoproxy.AbstractAutoProxyCreator::shouldSkip (6 bytes)
Event: 9.609 Thread 0x0000029412fb1000 nmethod 5574 0x00000294013efc90 code [0x00000294013efe40, 0x00000294013eff68]
Event: 9.609 Thread 0x0000029412fb1000 5575       1       java.lang.reflect.Parameter::getModifiers (5 bytes)
Event: 9.609 Thread 0x0000029412fb1000 nmethod 5575 0x0000029407eddd90 code [0x0000029407eddf40, 0x0000029407eddff8]
Event: 9.609 Thread 0x0000029412fb2800 nmethod 5573 0x00000294013f0010 code [0x00000294013f0260, 0x00000294013f0c08]
Event: 9.610 Thread 0x0000029412e39000 nmethod 5568 0x00000294013f0e90 code [0x00000294013f14a0, 0x00000294013f4a38]

GC Heap History (18 events):
Event: 0.705 GC heap before
{Heap before GC invocations=0 (full 0):
 garbage-first heap   total 120832K, used 25600K [0x000000008a000000, 0x0000000100000000)
  region size 1024K, 24 young (24576K), 0 survivors (0K)
 Metaspace       used 9917K, capacity 10076K, committed 10240K, reserved 1058816K
  class space    used 906K, capacity 952K, committed 1024K, reserved 1048576K
}
Event: 0.713 GC heap after
{Heap after GC invocations=1 (full 0):
 garbage-first heap   total 120832K, used 7878K [0x000000008a000000, 0x0000000100000000)
  region size 1024K, 3 young (3072K), 3 survivors (3072K)
 Metaspace       used 9917K, capacity 10076K, committed 10240K, reserved 1058816K
  class space    used 906K, capacity 952K, committed 1024K, reserved 1048576K
}
Event: 2.752 GC heap before
{Heap before GC invocations=1 (full 0):
 garbage-first heap   total 120832K, used 58054K [0x000000008a000000, 0x0000000100000000)
  region size 1024K, 53 young (54272K), 3 survivors (3072K)
 Metaspace       used 20604K, capacity 21137K, committed 21248K, reserved 1069056K
  class space    used 2271K, capacity 2493K, committed 2560K, reserved 1048576K
}
Event: 2.759 GC heap after
{Heap after GC invocations=2 (full 0):
 garbage-first heap   total 120832K, used 10453K [0x000000008a000000, 0x0000000100000000)
  region size 1024K, 6 young (6144K), 6 survivors (6144K)
 Metaspace       used 20604K, capacity 21137K, committed 21248K, reserved 1069056K
  class space    used 2271K, capacity 2493K, committed 2560K, reserved 1048576K
}
Event: 3.118 GC heap before
{Heap before GC invocations=3 (full 0):
 garbage-first heap   total 120832K, used 50389K [0x000000008a000000, 0x0000000100000000)
  region size 1024K, 46 young (47104K), 6 survivors (6144K)
 Metaspace       used 26232K, capacity 26907K, committed 27008K, reserved 1073152K
  class space    used 2959K, capacity 3200K, committed 3200K, reserved 1048576K
}
Event: 3.123 GC heap after
{Heap after GC invocations=4 (full 0):
 garbage-first heap   total 120832K, used 11830K [0x000000008a000000, 0x0000000100000000)
  region size 1024K, 4 young (4096K), 4 survivors (4096K)
 Metaspace       used 26232K, capacity 26907K, committed 27008K, reserved 1073152K
  class space    used 2959K, capacity 3200K, committed 3200K, reserved 1048576K
}
Event: 3.405 GC heap before
{Heap before GC invocations=4 (full 0):
 garbage-first heap   total 120832K, used 68150K [0x000000008a000000, 0x0000000100000000)
  region size 1024K, 60 young (61440K), 4 survivors (4096K)
 Metaspace       used 27685K, capacity 28345K, committed 28544K, reserved 1075200K
  class space    used 3082K, capacity 3356K, committed 3456K, reserved 1048576K
}
Event: 3.410 GC heap after
{Heap after GC invocations=5 (full 0):
 garbage-first heap   total 120832K, used 12610K [0x000000008a000000, 0x0000000100000000)
  region size 1024K, 5 young (5120K), 5 survivors (5120K)
 Metaspace       used 27685K, capacity 28345K, committed 28544K, reserved 1075200K
  class space    used 3082K, capacity 3356K, committed 3456K, reserved 1048576K
}
Event: 4.527 GC heap before
{Heap before GC invocations=5 (full 0):
 garbage-first heap   total 120832K, used 75074K [0x000000008a000000, 0x0000000100000000)
  region size 1024K, 66 young (67584K), 5 survivors (5120K)
 Metaspace       used 32798K, capacity 33680K, committed 33792K, reserved 1079296K
  class space    used 3877K, capacity 4252K, committed 4352K, reserved 1048576K
}
Event: 4.537 GC heap after
{Heap after GC invocations=6 (full 0):
 garbage-first heap   total 120832K, used 14640K [0x000000008a000000, 0x0000000100000000)
  region size 1024K, 5 young (5120K), 5 survivors (5120K)
 Metaspace       used 32798K, capacity 33680K, committed 33792K, reserved 1079296K
  class space    used 3877K, capacity 4252K, committed 4352K, reserved 1048576K
}
Event: 4.795 GC heap before
{Heap before GC invocations=6 (full 0):
 garbage-first heap   total 120832K, used 28976K [0x000000008a000000, 0x0000000100000000)
  region size 1024K, 20 young (20480K), 5 survivors (5120K)
 Metaspace       used 34859K, capacity 35744K, committed 35840K, reserved 1081344K
  class space    used 4141K, capacity 4524K, committed 4608K, reserved 1048576K
}
Event: 4.802 GC heap after
{Heap after GC invocations=7 (full 0):
 garbage-first heap   total 120832K, used 15641K [0x000000008a000000, 0x0000000100000000)
  region size 1024K, 6 young (6144K), 6 survivors (6144K)
 Metaspace       used 34859K, capacity 35744K, committed 35840K, reserved 1081344K
  class space    used 4141K, capacity 4524K, committed 4608K, reserved 1048576K
}
Event: 5.719 GC heap before
{Heap before GC invocations=8 (full 0):
 garbage-first heap   total 120832K, used 84249K [0x000000008a000000, 0x0000000100000000)
  region size 1024K, 70 young (71680K), 6 survivors (6144K)
 Metaspace       used 38665K, capacity 39821K, committed 39936K, reserved 1083392K
  class space    used 4621K, capacity 5093K, committed 5120K, reserved 1048576K
}
Event: 5.730 GC heap after
{Heap after GC invocations=9 (full 0):
 garbage-first heap   total 120832K, used 18206K [0x000000008a000000, 0x0000000100000000)
  region size 1024K, 6 young (6144K), 6 survivors (6144K)
 Metaspace       used 38665K, capacity 39821K, committed 39936K, reserved 1083392K
  class space    used 4621K, capacity 5093K, committed 5120K, reserved 1048576K
}
Event: 6.984 GC heap before
{Heap before GC invocations=9 (full 0):
 garbage-first heap   total 120832K, used 83742K [0x000000008a000000, 0x0000000100000000)
  region size 1024K, 70 young (71680K), 6 survivors (6144K)
 Metaspace       used 47345K, capacity 48611K, committed 48768K, reserved 1091584K
  class space    used 5919K, capacity 6419K, committed 6528K, reserved 1048576K
}
Event: 6.990 GC heap after
{Heap after GC invocations=10 (full 0):
 garbage-first heap   total 145408K, used 19808K [0x000000008a000000, 0x0000000100000000)
  region size 1024K, 6 young (6144K), 6 survivors (6144K)
 Metaspace       used 47345K, capacity 48611K, committed 48768K, reserved 1091584K
  class space    used 5919K, capacity 6419K, committed 6528K, reserved 1048576K
}
Event: 8.152 GC heap before
{Heap before GC invocations=10 (full 0):
 garbage-first heap   total 145408K, used 79200K [0x000000008a000000, 0x0000000100000000)
  region size 1024K, 65 young (66560K), 6 survivors (6144K)
 Metaspace       used 58560K, capacity 59936K, committed 60160K, reserved 1101824K
  class space    used 7363K, capacity 7917K, committed 7936K, reserved 1048576K
}
Event: 8.161 GC heap after
{Heap after GC invocations=11 (full 0):
 garbage-first heap   total 145408K, used 23243K [0x000000008a000000, 0x0000000100000000)
  region size 1024K, 9 young (9216K), 9 survivors (9216K)
 Metaspace       used 58560K, capacity 59936K, committed 60160K, reserved 1101824K
  class space    used 7363K, capacity 7917K, committed 7936K, reserved 1048576K
}

Deoptimization events (20 events):
Event: 9.296 Thread 0x0000029472e58800 DEOPT PACKING pc=0x0000029407e61f28 sp=0x000000b963af71a0
Event: 9.296 Thread 0x0000029472e58800 DEOPT UNPACKING pc=0x000002940002662f sp=0x000000b963af71a8 mode 2
Event: 9.521 Thread 0x0000029472e58800 Uncommon trap: trap_request=0xffffff4d fr.pc=0x0000029407e18898 relative=0x0000000000000238
Event: 9.521 Thread 0x0000029472e58800 Uncommon trap: reason=unstable_if action=reinterpret pc=0x0000029407e18898 method=java.util.regex.Matcher.reset()Ljava/util/regex/Matcher; @ 71 c2
Event: 9.521 Thread 0x0000029472e58800 DEOPT PACKING pc=0x0000029407e18898 sp=0x000000b963afc910
Event: 9.521 Thread 0x0000029472e58800 DEOPT UNPACKING pc=0x000002940002662f sp=0x000000b963afc898 mode 2
Event: 9.581 Thread 0x0000029472e58800 Uncommon trap: trap_request=0xffffff4d fr.pc=0x0000029407dbb0d4 relative=0x0000000000000c74
Event: 9.581 Thread 0x0000029472e58800 Uncommon trap: reason=unstable_if action=reinterpret pc=0x0000029407dbb0d4 method=org.springframework.core.annotation.AnnotationsScanner.isWithoutHierarchy(Ljava/lang/reflect/AnnotatedElement;Lorg/springframework/core/annotation/MergedAnnotations$SearchSt
Event: 9.581 Thread 0x0000029472e58800 DEOPT PACKING pc=0x0000029407dbb0d4 sp=0x000000b963afe000
Event: 9.581 Thread 0x0000029472e58800 DEOPT UNPACKING pc=0x000002940002662f sp=0x000000b963afdfd0 mode 2
Event: 9.586 Thread 0x0000029472e58800 Uncommon trap: trap_request=0xffffff4d fr.pc=0x0000029407c43238 relative=0x0000000000001058
Event: 9.586 Thread 0x0000029472e58800 Uncommon trap: reason=unstable_if action=reinterpret pc=0x0000029407c43238 method=java.util.concurrent.ConcurrentHashMap.transfer([Ljava/util/concurrent/ConcurrentHashMap$Node;[Ljava/util/concurrent/ConcurrentHashMap$Node;)V @ 352 c2
Event: 9.586 Thread 0x0000029472e58800 DEOPT PACKING pc=0x0000029407c43238 sp=0x000000b963afe220
Event: 9.586 Thread 0x0000029472e58800 DEOPT UNPACKING pc=0x000002940002662f sp=0x000000b963afe198 mode 2
Event: 9.596 Thread 0x0000029472e58800 Uncommon trap: trap_request=0xffffff4d fr.pc=0x0000029407ea1a94 relative=0x0000000000003a94
Event: 9.596 Thread 0x0000029472e58800 Uncommon trap: reason=unstable_if action=reinterpret pc=0x0000029407ea1a94 method=org.springframework.beans.factory.support.AbstractBeanFactory.isTypeMatch(Ljava/lang/String;Lorg/springframework/core/ResolvableType;Z)Z @ 34 c2
Event: 9.596 Thread 0x0000029472e58800 DEOPT PACKING pc=0x0000029407ea1a94 sp=0x000000b963afe1e0
Event: 9.596 Thread 0x0000029472e58800 DEOPT UNPACKING pc=0x000002940002662f sp=0x000000b963afe1a0 mode 2
Event: 9.605 Thread 0x0000029472e58800 DEOPT PACKING pc=0x0000029400f78bbe sp=0x000000b963afe310
Event: 9.605 Thread 0x0000029472e58800 DEOPT UNPACKING pc=0x0000029400026dde sp=0x000000b963afd8d0 mode 0

Classes redefined (0 events):
No events

Internal exceptions (20 events):
Event: 8.806 Thread 0x0000029472e58800 Exception <a 'java/lang/IncompatibleClassChangeError'{0x0000000091528fa8}: Found class java.lang.Object, but interface was expected> (0x0000000091528fa8) thrown at [./src/hotspot/share/interpreter/linkResolver.cpp, line 839]
Event: 8.906 Thread 0x0000029472e58800 Exception <a 'java/lang/ClassNotFoundException'{0x0000000091017f68}: java/lang/ObjectCustomizer> (0x0000000091017f68) thrown at [./src/hotspot/share/classfile/systemDictionary.cpp, line 231]
Event: 8.907 Thread 0x0000029472e58800 Exception <a 'java/lang/ClassNotFoundException'{0x000000009102f5c8}: com/project/creditcards/model/CreditCardApplicationCustomizer> (0x000000009102f5c8) thrown at [./src/hotspot/share/classfile/systemDictionary.cpp, line 231]
Event: 8.974 Thread 0x0000029472e58800 Exception <a 'java/lang/IncompatibleClassChangeError'{0x0000000090d6c918}: Found class java.lang.Object, but interface was expected> (0x0000000090d6c918) thrown at [./src/hotspot/share/interpreter/linkResolver.cpp, line 839]
Event: 8.985 Thread 0x0000029472e58800 Exception <a 'java/lang/NoSuchMethodError'{0x0000000090dd5c38}: 'void java.lang.invoke.DirectMethodHandle$Holder.invokeSpecial(java.lang.Object, java.lang.Object, java.lang.Object, java.lang.Object, java.lang.Object, java.lang.Object, java.lang.Object)'> (0x0000000090dd5c38) thrown at [./src/hotspot/share/interpreter/linkResolver.cpp, line 773]
Event: 9.107 Thread 0x0000029472e58800 Exception <a 'java/lang/NoSuchMethodError'{0x00000000907ca7e0}: 'java.lang.Object java.lang.invoke.DirectMethodHandle$Holder.invokeStatic(java.lang.Object, int, java.lang.Object, java.lang.Object)'> (0x00000000907ca7e0) thrown at [./src/hotspot/share/interpreter/linkResolver.cpp, line 773]
Event: 9.136 Thread 0x0000029472e58800 Exception <a 'java/lang/reflect/InvocationTargetException'{0x00000000906ced68}> (0x00000000906ced68) thrown at [./src/hotspot/share/runtime/reflection.cpp, line 1247]
Event: 9.191 Thread 0x0000029472e58800 Exception <a 'java/lang/ClassNotFoundException'{0x000000009036c1e0}: java/lang/ObjectCustomizer> (0x000000009036c1e0) thrown at [./src/hotspot/share/classfile/systemDictionary.cpp, line 231]
Event: 9.192 Thread 0x0000029472e58800 Exception <a 'java/lang/ClassNotFoundException'{0x0000000090387b38}: org/springframework/web/servlet/config/annotation/WebMvcConfigurationSupportCustomizer> (0x0000000090387b38) thrown at [./src/hotspot/share/classfile/systemDictionary.cpp, line 231]
Event: 9.193 Thread 0x0000029472e58800 Exception <a 'java/lang/ClassNotFoundException'{0x00000000903af830}: org/springframework/web/servlet/config/annotation/DelegatingWebMvcConfigurationCustomizer> (0x00000000903af830) thrown at [./src/hotspot/share/classfile/systemDictionary.cpp, line 231]
Event: 9.194 Thread 0x0000029472e58800 Exception <a 'java/lang/ClassNotFoundException'{0x00000000903d04e8}: org/springframework/boot/autoconfigure/web/servlet/WebMvcAutoConfiguration$EnableWebMvcConfigurationCustomizer> (0x00000000903d04e8) thrown at [./src/hotspot/share/classfile/systemDictionary.cpp, line 231]
Event: 9.196 Thread 0x0000029472e58800 Exception <a 'java/lang/ClassNotFoundException'{0x00000000903f0f50}: org/springframework/context/ResourceLoaderAwareCustomizer> (0x00000000903f0f50) thrown at [./src/hotspot/share/classfile/systemDictionary.cpp, line 231]
Event: 9.196 Thread 0x0000029472e58800 Exception <a 'java/lang/ClassNotFoundException'{0x0000000090203958}: org/springframework/beans/factory/AwareCustomizer> (0x0000000090203958) thrown at [./src/hotspot/share/classfile/systemDictionary.cpp, line 231]
Event: 9.196 Thread 0x0000029472e58800 Exception <a 'java/lang/ClassNotFoundException'{0x0000000090217628}: org/springframework/context/ApplicationContextAwareCustomizer> (0x0000000090217628) thrown at [./src/hotspot/share/classfile/systemDictionary.cpp, line 231]
Event: 9.197 Thread 0x0000029472e58800 Exception <a 'java/lang/ClassNotFoundException'{0x000000009022a4f8}: org/springframework/beans/factory/AwareCustomizer> (0x000000009022a4f8) thrown at [./src/hotspot/share/classfile/systemDictionary.cpp, line 231]
Event: 9.197 Thread 0x0000029472e58800 Exception <a 'java/lang/ClassNotFoundException'{0x000000009023e1a0}: org/springframework/web/context/ServletContextAwareCustomizer> (0x000000009023e1a0) thrown at [./src/hotspot/share/classfile/systemDictionary.cpp, line 231]
Event: 9.197 Thread 0x0000029472e58800 Exception <a 'java/lang/ClassNotFoundException'{0x0000000090250b48}: org/springframework/beans/factory/AwareCustomizer> (0x0000000090250b48) thrown at [./src/hotspot/share/classfile/systemDictionary.cpp, line 231]
Event: 9.374 Thread 0x0000029472e58800 Exception <a 'java/lang/NoSuchMethodError'{0x000000008f91b808}: 'void java.lang.invoke.DirectMethodHandle$Holder.invokeVirtual(java.lang.Object, java.lang.Object, int)'> (0x000000008f91b808) thrown at [./src/hotspot/share/interpreter/linkResolver.cpp, line 773]
Event: 9.377 Thread 0x0000029472e58800 Exception <a 'java/lang/NoSuchMethodError'{0x000000008f935608}: 'void java.lang.invoke.DirectMethodHandle$Holder.invokeVirtual(java.lang.Object, java.lang.Object, long)'> (0x000000008f935608) thrown at [./src/hotspot/share/interpreter/linkResolver.cpp, line 773]
Event: 9.607 Thread 0x0000029472e58800 Exception <a 'java/lang/IncompatibleClassChangeError'{0x000000008e740768}: Found class java.lang.Object, but interface was expected> (0x000000008e740768) thrown at [./src/hotspot/share/interpreter/linkResolver.cpp, line 839]

Events (20 events):
Event: 9.613 loading class org/springframework/boot/autoconfigure/web/WebProperties$Resources$Cache$Cachecontrol
Event: 9.613 loading class org/springframework/boot/autoconfigure/web/WebProperties$Resources$Cache$Cachecontrol done
Event: 9.613 loading class org/springframework/http/CacheControl
Event: 9.613 loading class org/springframework/http/CacheControl done
Event: 9.613 loading class org/springframework/http/CacheControl
Event: 9.613 loading class org/springframework/http/CacheControl done
Event: 9.613 loading class org/springframework/web/servlet/config/annotation/ResourceHandlerRegistration
Event: 9.613 loading class org/springframework/web/servlet/config/annotation/ResourceHandlerRegistration done
Event: 9.613 loading class org/springframework/boot/autoconfigure/web/servlet/WebMvcAutoConfiguration$WebMvcAutoConfigurationAdapter
Event: 9.613 loading class org/springframework/boot/autoconfigure/web/servlet/WebMvcAutoConfiguration$WebMvcAutoConfigurationAdapter done
Event: 9.613 loading class org/springframework/web/servlet/resource/ResourceHttpRequestHandler
Event: 9.613 loading class org/springframework/web/servlet/resource/ResourceHttpRequestHandler done
Event: 9.615 loading class org/springframework/web/HttpRequestHandler
Event: 9.615 loading class org/springframework/web/HttpRequestHandler done
Event: 9.615 Executing VM operation: Deoptimize
Event: 9.616 Executing VM operation: Deoptimize done
Event: 9.616 loading class org/springframework/web/servlet/resource/ResourceTransformerChain
Event: 9.616 loading class org/springframework/web/servlet/resource/ResourceTransformerChain done
Event: 9.618 loading class org/springframework/web/servlet/resource/PathResourceResolver
Event: 9.618 loading class org/springframework/web/servlet/resource/PathResourceResolver done


Dynamic libraries:
0x00007ff6649e0000 - 0x00007ff6649ed000 	C:\Program Files\AdoptOpenJDK\jdk-11.0.11.9-hotspot\bin\java.exe
0x00007ffbd9ec0000 - 0x00007ffbda0c9000 	C:\WINDOWS\SYSTEM32\ntdll.dll
0x00007ffbd8e00000 - 0x00007ffbd8ebd000 	C:\WINDOWS\System32\KERNEL32.DLL
0x00007ffbd7860000 - 0x00007ffbd7bdc000 	C:\WINDOWS\System32\KERNELBASE.dll
0x00007ffbd7620000 - 0x00007ffbd7731000 	C:\WINDOWS\System32\ucrtbase.dll
0x00007ffbd0c70000 - 0x00007ffbd0c87000 	C:\Program Files\AdoptOpenJDK\jdk-11.0.11.9-hotspot\bin\jli.dll
0x00007ffbd8270000 - 0x00007ffbd841d000 	C:\WINDOWS\System32\USER32.dll
0x00007ffbd74c0000 - 0x00007ffbd74e6000 	C:\WINDOWS\System32\win32u.dll
0x00007ffbd9260000 - 0x00007ffbd9289000 	C:\WINDOWS\System32\GDI32.dll
0x00007ffbd7740000 - 0x00007ffbd7859000 	C:\WINDOWS\System32\gdi32full.dll
0x00007ffbd7420000 - 0x00007ffbd74bd000 	C:\WINDOWS\System32\msvcp_win.dll
0x00007ffbc6dc0000 - 0x00007ffbc6dd5000 	C:\Program Files\AdoptOpenJDK\jdk-11.0.11.9-hotspot\bin\VCRUNTIME140.dll
0x00007ffbc50c0000 - 0x00007ffbc5365000 	C:\WINDOWS\WinSxS\amd64_microsoft.windows.common-controls_6595b64144ccf1df_6.0.22000.120_none_9d947278b86cc467\COMCTL32.dll
0x00007ffbd9400000 - 0x00007ffbd94a3000 	C:\WINDOWS\System32\msvcrt.dll
0x00007ffbd92f0000 - 0x00007ffbd9321000 	C:\WINDOWS\System32\IMM32.DLL
0x00007ffbb8320000 - 0x00007ffbb8478000 	C:\Program Files (x86)\Citrix\ICA Client\epclient64.dll
0x00007ffbd7d50000 - 0x00007ffbd80c9000 	C:\WINDOWS\System32\combase.dll
0x00007ffbd9120000 - 0x00007ffbd9240000 	C:\WINDOWS\System32\RPCRT4.dll
0x00007ffbcf340000 - 0x00007ffbcf34a000 	C:\WINDOWS\SYSTEM32\VERSION.dll
0x00007ffbd6d80000 - 0x00007ffbd6da7000 	C:\WINDOWS\SYSTEM32\bcrypt.dll
0x00007ffbd8490000 - 0x00007ffbd853e000 	C:\WINDOWS\System32\ADVAPI32.dll
0x00007ffbd9080000 - 0x00007ffbd911e000 	C:\WINDOWS\System32\sechost.dll
0x00007ffbd49d0000 - 0x00007ffbd4a04000 	C:\WINDOWS\SYSTEM32\ntmarta.dll
0x00007ffbd6580000 - 0x00007ffbd6598000 	C:\WINDOWS\SYSTEM32\kernel.appcore.dll
0x00007ffbd73a0000 - 0x00007ffbd741f000 	C:\WINDOWS\System32\bcryptprimitives.dll
0x00007ffbad980000 - 0x00007ffbada1b000 	C:\Program Files\AdoptOpenJDK\jdk-11.0.11.9-hotspot\bin\msvcp140.dll
0x00007ffb1c7a0000 - 0x00007ffb1d2eb000 	C:\Program Files\AdoptOpenJDK\jdk-11.0.11.9-hotspot\bin\server\jvm.dll
0x00007ffbd8700000 - 0x00007ffbd8708000 	C:\WINDOWS\System32\PSAPI.DLL
0x00007ffbae9d0000 - 0x00007ffbae9d9000 	C:\WINDOWS\SYSTEM32\WSOCK32.dll
0x0000029470c80000 - 0x0000029470cef000 	C:\WINDOWS\System32\WS2_32.dll
0x00007ffbd0850000 - 0x00007ffbd0883000 	C:\WINDOWS\SYSTEM32\WINMM.dll
0x00007ffbd4300000 - 0x00007ffbd4310000 	C:\Program Files\AdoptOpenJDK\jdk-11.0.11.9-hotspot\bin\verify.dll
0x00007ffbd4ff0000 - 0x00007ffbd5211000 	C:\WINDOWS\SYSTEM32\DBGHELP.DLL
0x00007ffbc1350000 - 0x00007ffbc1381000 	C:\WINDOWS\SYSTEM32\dbgcore.DLL
0x00007ffbc6b50000 - 0x00007ffbc6b78000 	C:\Program Files\AdoptOpenJDK\jdk-11.0.11.9-hotspot\bin\java.dll
0x00007ffbd0c40000 - 0x00007ffbd0c4a000 	C:\Program Files\AdoptOpenJDK\jdk-11.0.11.9-hotspot\bin\jimage.dll
0x00007ffbc7020000 - 0x00007ffbc702e000 	C:\Program Files\AdoptOpenJDK\jdk-11.0.11.9-hotspot\bin\instrument.dll
0x00007ffbc6d20000 - 0x00007ffbc6d37000 	C:\Program Files\AdoptOpenJDK\jdk-11.0.11.9-hotspot\bin\zip.dll
0x00007ffbd95d0000 - 0x00007ffbd9d88000 	C:\WINDOWS\System32\SHELL32.dll
0x00007ffbd5510000 - 0x00007ffbd5d78000 	C:\WINDOWS\SYSTEM32\windows.storage.dll
0x00007ffbd53a0000 - 0x00007ffbd5506000 	C:\WINDOWS\SYSTEM32\wintypes.dll
0x00007ffbd80d0000 - 0x00007ffbd81ba000 	C:\WINDOWS\System32\SHCORE.dll
0x0000029413190000 - 0x00000294131ed000 	C:\WINDOWS\System32\shlwapi.dll
0x00007ffbd72d0000 - 0x00007ffbd72f1000 	C:\WINDOWS\SYSTEM32\profapi.dll
0x00007ffbc6b30000 - 0x00007ffbc6b49000 	C:\Program Files\AdoptOpenJDK\jdk-11.0.11.9-hotspot\bin\net.dll
0x00007ffbd0640000 - 0x00007ffbd074c000 	C:\WINDOWS\SYSTEM32\WINHTTP.dll
0x00007ffbd69b0000 - 0x00007ffbd6a17000 	C:\WINDOWS\system32\mswsock.dll
0x00007ffbc6b10000 - 0x00007ffbc6b22000 	C:\Program Files\AdoptOpenJDK\jdk-11.0.11.9-hotspot\bin\nio.dll
0x00007ffbad8f0000 - 0x00007ffbad90a000 	C:\Program Files\JetBrains\IntelliJ IDEA Community Edition 2021.2\bin\breakgen64.dll
0x00007ffbd60b0000 - 0x00007ffbd60dd000 	C:\WINDOWS\SYSTEM32\IPHLPAPI.DLL
0x00007ffbd87b0000 - 0x00007ffbd87b9000 	C:\WINDOWS\System32\NSI.dll
0x00007ffbd08a0000 - 0x00007ffbd08b9000 	C:\WINDOWS\SYSTEM32\dhcpcsvc6.DLL
0x00007ffbd10e0000 - 0x00007ffbd10fe000 	C:\WINDOWS\SYSTEM32\dhcpcsvc.DLL
0x00007ffbd60e0000 - 0x00007ffbd61c8000 	C:\WINDOWS\SYSTEM32\DNSAPI.dll
0x00007ffbc7fe0000 - 0x00007ffbc7fea000 	C:\Windows\System32\rasadhlp.dll
0x00007ffbcf350000 - 0x00007ffbcf3d1000 	C:\WINDOWS\System32\fwpuclnt.dll
0x00007ffbc4a30000 - 0x00007ffbc4a39000 	C:\Program Files\AdoptOpenJDK\jdk-11.0.11.9-hotspot\bin\management.dll
0x00007ffbc3890000 - 0x00007ffbc389b000 	C:\Program Files\AdoptOpenJDK\jdk-11.0.11.9-hotspot\bin\management_ext.dll
0x00007ffbb6f10000 - 0x00007ffbb6f27000 	C:\WINDOWS\system32\napinsp.dll
0x00007ffbb6db0000 - 0x00007ffbb6dcb000 	C:\WINDOWS\system32\pnrpnsp.dll
0x00007ffbb6e60000 - 0x00007ffbb6e72000 	C:\WINDOWS\System32\winrnr.dll
0x00007ffbd0480000 - 0x00007ffbd0495000 	C:\WINDOWS\system32\wshbth.dll
0x00007ffbb6c30000 - 0x00007ffbb6c4f000 	C:\WINDOWS\system32\nlansp_c.dll
0x00007ffbd6c00000 - 0x00007ffbd6c18000 	C:\WINDOWS\SYSTEM32\CRYPTSP.dll
0x00007ffbd64e0000 - 0x00007ffbd6515000 	C:\WINDOWS\system32\rsaenh.dll
0x00007ffbd6aa0000 - 0x00007ffbd6ac9000 	C:\WINDOWS\SYSTEM32\USERENV.dll
0x00007ffbd6bf0000 - 0x00007ffbd6bfc000 	C:\WINDOWS\SYSTEM32\CRYPTBASE.dll
0x00007ffba9b70000 - 0x00007ffba9b95000 	C:\Program Files\AdoptOpenJDK\jdk-11.0.11.9-hotspot\bin\sunec.dll
0x00007ffbc6e10000 - 0x00007ffbc6e1e000 	C:\Program Files\AdoptOpenJDK\jdk-11.0.11.9-hotspot\bin\sunmscapi.dll
0x0000029419b20000 - 0x0000029419c82000 	C:\WINDOWS\System32\CRYPT32.dll
0x00007ffbd6d50000 - 0x00007ffbd6d78000 	C:\WINDOWS\SYSTEM32\ncrypt.dll
0x00007ffbd6d10000 - 0x00007ffbd6d47000 	C:\WINDOWS\SYSTEM32\NTASN1.dll

dbghelp: loaded successfully - version: 4.0.5 - missing functions: none
symbol engine: initialized successfully - sym options: 0x614 - pdb path: .;C:\Program Files\AdoptOpenJDK\jdk-11.0.11.9-hotspot\bin;C:\WINDOWS\SYSTEM32;C:\WINDOWS\WinSxS\amd64_microsoft.windows.common-controls_6595b64144ccf1df_6.0.22000.120_none_9d947278b86cc467;C:\Program Files (x86)\Citrix\ICA Client;C:\Program Files\AdoptOpenJDK\jdk-11.0.11.9-hotspot\bin\server;C:\Program Files\JetBrains\IntelliJ IDEA Community Edition 2021.2\bin

VM Arguments:
jvm_args: -javaagent:C:\Program Files\JetBrains\IntelliJ IDEA Community Edition 2021.2\lib\idea_rt.jar=50763:C:\Program Files\JetBrains\IntelliJ IDEA Community Edition 2021.2\bin -Dfile.encoding=UTF-8 
java_command: com.project.CreditCardServiceApplication
java_class_path (initial): C:\Users\divya\Desktop\NatWest_Webdev\Angular\customer-support-system-13-10\customer-support-system\customerSupportSystemBackend\CreditCardService\target\classes;C:\Users\divya\.m2\repository\org\springframework\boot\spring-boot-starter-data-jpa\2.7.4\spring-boot-starter-data-jpa-2.7.4.jar;C:\Users\divya\.m2\repository\org\springframework\boot\spring-boot-starter-aop\2.7.4\spring-boot-starter-aop-2.7.4.jar;C:\Users\divya\.m2\repository\org\springframework\spring-aop\5.3.23\spring-aop-5.3.23.jar;C:\Users\divya\.m2\repository\org\aspectj\aspectjweaver\1.9.7\aspectjweaver-1.9.7.jar;C:\Users\divya\.m2\repository\org\springframework\boot\spring-boot-starter-jdbc\2.7.4\spring-boot-starter-jdbc-2.7.4.jar;C:\Users\divya\.m2\repository\com\zaxxer\HikariCP\4.0.3\HikariCP-4.0.3.jar;C:\Users\divya\.m2\repository\org\springframework\spring-jdbc\5.3.23\spring-jdbc-5.3.23.jar;C:\Users\divya\.m2\repository\jakarta\transaction\jakarta.transaction-api\1.3.3\jakarta.transaction-api-1.3.3.jar;C:\Users\divya\.m2\repository\jakarta\persistence\jakarta.persistence-api\2.2.3\jakarta.persistence-api-2.2.3.jar;C:\Users\divya\.m2\repository\org\hibernate\hibernate-core\5.6.11.Final\hibernate-core-5.6.11.Final.jar;C:\Users\divya\.m2\repository\org\jboss\logging\jboss-logging\3.4.3.Final\jboss-logging-3.4.3.Final.jar;C:\Users\divya\.m2\repository\net\bytebuddy\byte-buddy\1.12.17\byte-buddy-1.12.17.jar;C:\Users\divya\.m2\repository\antlr\antlr\2.7.7\antlr-2.7.7.jar;C:\Users\divya\.m2\repository\org\jboss\jandex\2.4.2.Final\jandex-2.4.2.Final.jar;C:\Users\divya\.m2\repository\com\fasterxml\classmate\1.5.1\classmate-1.5.1.jar;C:\Users\divya\.m2\repository\org\hibernate\common\hibernate-commons-annotations\5.1.2.Final\hibernate-commons-annotations-5.1.2.Final.jar;C:\Users\divya\.m2\repository\org\glassfish\jaxb\jaxb-runtime\2.3.6\jaxb-runtime-2.3.6.jar;C:\Users\divya\.m2\repository\org\glassfish\jaxb\txw2\2.3.6\txw2-2.3.6.jar;C:\Users\divya\.m2\repository\com\sun\istack
Launcher Type: SUN_STANDARD

[Global flags]
     intx CICompilerCount                          = 12                                        {product} {ergonomic}
     uint ConcGCThreads                            = 3                                         {product} {ergonomic}
     uint G1ConcRefinementThreads                  = 13                                        {product} {ergonomic}
   size_t G1HeapRegionSize                         = 1048576                                   {product} {ergonomic}
    uintx GCDrainStackTargetSize                   = 64                                        {product} {ergonomic}
   size_t InitialHeapSize                          = 123731968                                 {product} {ergonomic}
   size_t MarkStackSize                            = 4194304                                   {product} {ergonomic}
   size_t MaxHeapSize                              = 1979711488                                {product} {ergonomic}
   size_t MaxNewSize                               = 1186988032                                {product} {ergonomic}
   size_t MinHeapDeltaBytes                        = 1048576                                   {product} {ergonomic}
    uintx NonNMethodCodeHeapSize                   = 7594288                                {pd product} {ergonomic}
    uintx NonProfiledCodeHeapSize                  = 122031976                              {pd product} {ergonomic}
    uintx ProfiledCodeHeapSize                     = 122031976                              {pd product} {ergonomic}
    uintx ReservedCodeCacheSize                    = 251658240                              {pd product} {ergonomic}
     bool SegmentedCodeCache                       = true                                      {product} {ergonomic}
     bool UseCompressedClassPointers               = true                                 {lp64_product} {ergonomic}
     bool UseCompressedOops                        = true                                 {lp64_product} {ergonomic}
     bool UseG1GC                                  = true                                      {product} {ergonomic}
     bool UseLargePagesIndividualAllocation        = false                                  {pd product} {ergonomic}

Logging:
Log output configuration:
 #0: stdout all=warning uptime,level,tags
 #1: stderr all=off uptime,level,tags

Environment Variables:
PATH=C:\Python310\Scripts\;C:\Python310\;C:\Program Files\AdoptOpenJDK\jdk-11.0.11.9-hotspot\bin;C:\Windows\system32;C:\Windows;C:\Windows\System32\Wbem;C:\Windows\System32\WindowsPowerShell\v1.0\;C:\Windows\System32\OpenSSH\;C:\Program Files (x86)\NVIDIA Corporation\PhysX\Common;C:\Program Files\NVIDIA Corporation\NVIDIA NvDLISR;c:\users\divya\appdata\local\packages\pythonsoftwarefoundation.python.3.9_qbz5n2kfra8p0\localcache\local-packages\python39\site-packages;C:\ProgramData\chocolatey\bin;C:\WINDOWS\system32;C:\WINDOWS;C:\WINDOWS\System32\Wbem;C:\WINDOWS\System32\WindowsPowerShell\v1.0\;C:\WINDOWS\System32\OpenSSH\;C:\Program Files\Git\cmd;C:\Program Files\nodejs\;C:\Program Files\MySQL\MySQL Shell 8.0\bin\;C:\Users\divya\AppData\Local\Microsoft\WindowsApps;C:\Users\divya\AppData\Local\Programs\Microsoft VS Code\bin;c:\users\divya\appdata\local\packages\pythonsoftwarefoundation.python.3.9_qbz5n2kfra8p0\localcache\local-packages\python39\site-packages;C:\Program Files\JetBrains\IntelliJ IDEA Community Edition 2021.2\bin;;C:\Program Files\Tesseract-OCR;C:\Users\divya\AppData\Roaming\npm
USERNAME=divya
OS=Windows_NT
PROCESSOR_IDENTIFIER=AMD64 Family 23 Model 96 Stepping 1, AuthenticAMD



---------------  S Y S T E M  ---------------

OS: Windows 10 , 64 bit Build 22000 (10.0.22000.708)
OS uptime: 10 days 11:52 hours

CPU:total 16 (initial active 16) (16 cores per cpu, 2 threads per core) family 23 model 96 stepping 1 microcode 0x0, cmov, cx8, fxsr, mmx, sse, sse2, sse3, ssse3, sse4.1, sse4.2, popcnt, avx, avx2, aes, clmul, mmxext, 3dnowpref, lzcnt, sse4a, ht, tsc, tscinvbit, tscinv, bmi1, bmi2, adx, 

Memory: 4k page, system-wide physical 7549M (271M free)
TotalPageFile size 31101M (AvailPageFile size 10M)
current process WorkingSet (physical memory assigned to process): 299M, peak: 300M
current process commit charge ("private bytes"): 376M, peak: 378M

vm_info: OpenJDK 64-Bit Server VM (11.0.11+9) for windows-amd64 JRE (11.0.11+9), built on Apr 20 2021 21:22:09 by "" with MS VC++ 15.9 (VS2017)

END.
